2026-04-19 11:20:23.551 +02:00 [WRN] No store type was specified for the decimal property 'Value' on entity type 'Deal'. This will cause values to be silently truncated if they do not fit in the default precision and scale. Explicitly specify the SQL server column type that can accommodate all the values in 'OnModelCreating' using 'HasColumnType', specify precision and scale using 'HasPrecision', or configure a value converter using 'HasConversion'.
2026-04-19 11:20:25.910 +02:00 [WRN] No store type was specified for the decimal property 'Value' on entity type 'Deal'. This will cause values to be silently truncated if they do not fit in the default precision and scale. Explicitly specify the SQL server column type that can accommodate all the values in 'OnModelCreating' using 'HasColumnType', specify precision and scale using 'HasPrecision', or configure a value converter using 'HasConversion'.
2026-04-19 11:20:26.588 +02:00 [INF] Executed DbCommand (573ms) [Parameters=[], CommandType='"Text"', CommandTimeout='60']
CREATE DATABASE [TheOneCRMDb];
2026-04-19 11:20:26.788 +02:00 [INF] Executed DbCommand (189ms) [Parameters=[], CommandType='"Text"', CommandTimeout='60']
IF SERVERPROPERTY('EngineEdition') <> 5
BEGIN
    ALTER DATABASE [TheOneCRMDb] SET READ_COMMITTED_SNAPSHOT ON;
END;
2026-04-19 11:20:26.837 +02:00 [INF] Executed DbCommand (9ms) [Parameters=[], CommandType='"Text"', CommandTimeout='30']
SELECT 1
2026-04-19 11:20:26.943 +02:00 [INF] Executed DbCommand (18ms) [Parameters=[], CommandType='"Text"', CommandTimeout='30']
CREATE TABLE [__EFMigrationsHistory] (
    [MigrationId] nvarchar(150) NOT NULL,
    [ProductVersion] nvarchar(32) NOT NULL,
    CONSTRAINT [PK___EFMigrationsHistory] PRIMARY KEY ([MigrationId])
);
2026-04-19 11:20:26.953 +02:00 [INF] Executed DbCommand (1ms) [Parameters=[], CommandType='"Text"', CommandTimeout='30']
SELECT 1
2026-04-19 11:20:26.993 +02:00 [INF] Executed DbCommand (29ms) [Parameters=[], CommandType='"Text"', CommandTimeout='30']
SELECT OBJECT_ID(N'[__EFMigrationsHistory]');
2026-04-19 11:20:27.017 +02:00 [INF] Executed DbCommand (14ms) [Parameters=[], CommandType='"Text"', CommandTimeout='30']
SELECT [MigrationId], [ProductVersion]
FROM [__EFMigrationsHistory]
ORDER BY [MigrationId];
2026-04-19 11:20:27.076 +02:00 [INF] Applying migration '20260329205608_intialdb'.
2026-04-19 11:20:27.175 +02:00 [INF] Executed DbCommand (5ms) [Parameters=[], CommandType='"Text"', CommandTimeout='30']
CREATE TABLE [AspNetRoles] (
    [Id] nvarchar(450) NOT NULL,
    [Name] nvarchar(256) NULL,
    [NormalizedName] nvarchar(256) NULL,
    [ConcurrencyStamp] nvarchar(max) NULL,
    CONSTRAINT [PK_AspNetRoles] PRIMARY KEY ([Id])
);
2026-04-19 11:20:27.184 +02:00 [INF] Executed DbCommand (3ms) [Parameters=[], CommandType='"Text"', CommandTimeout='30']
CREATE TABLE [AspNetUsers] (
    [Id] nvarchar(450) NOT NULL,
    [FullName] nvarchar(max) NULL,
    [imageUrl] nvarchar(max) NULL,
    [IsActive] bit NULL,
    [CreatedAt] datetime2 NOT NULL,
    [UserName] nvarchar(256) NULL,
    [NormalizedUserName] nvarchar(256) NULL,
    [Email] nvarchar(256) NULL,
    [NormalizedEmail] nvarchar(256) NULL,
    [EmailConfirmed] bit NOT NULL,
    [PasswordHash] nvarchar(max) NULL,
    [SecurityStamp] nvarchar(max) NULL,
    [ConcurrencyStamp] nvarchar(max) NULL,
    [PhoneNumber] nvarchar(max) NULL,
    [PhoneNumberConfirmed] bit NOT NULL,
    [TwoFactorEnabled] bit NOT NULL,
    [LockoutEnd] datetimeoffset NULL,
    [LockoutEnabled] bit NOT NULL,
    [AccessFailedCount] int NOT NULL,
    CONSTRAINT [PK_AspNetUsers] PRIMARY KEY ([Id])
);
2026-04-19 11:20:27.193 +02:00 [INF] Executed DbCommand (3ms) [Parameters=[], CommandType='"Text"', CommandTimeout='30']
CREATE TABLE [chatMessagesChannels] (
    [Id] int NOT NULL IDENTITY,
    [CreatedAt] datetime2 NOT NULL,
    [UpdatedAt] datetime2 NULL,
    CONSTRAINT [PK_chatMessagesChannels] PRIMARY KEY ([Id])
);
2026-04-19 11:20:27.200 +02:00 [INF] Executed DbCommand (3ms) [Parameters=[], CommandType='"Text"', CommandTimeout='30']
CREATE TABLE [notifications] (
    [Id] int NOT NULL IDENTITY,
    [CreatedAt] datetime2 NOT NULL,
    [UpdatedAt] datetime2 NULL,
    CONSTRAINT [PK_notifications] PRIMARY KEY ([Id])
);
2026-04-19 11:20:27.209 +02:00 [INF] Executed DbCommand (3ms) [Parameters=[], CommandType='"Text"', CommandTimeout='30']
CREATE TABLE [pipelineStages] (
    [Id] int NOT NULL IDENTITY,
    [Name] nvarchar(max) NOT NULL,
    [Order] int NOT NULL,
    [Probability] int NOT NULL,
    [status] int NOT NULL,
    [CreatedAt] datetime2 NOT NULL,
    [UpdatedAt] datetime2 NULL,
    CONSTRAINT [PK_pipelineStages] PRIMARY KEY ([Id])
);
2026-04-19 11:20:27.218 +02:00 [INF] Executed DbCommand (4ms) [Parameters=[], CommandType='"Text"', CommandTimeout='30']
CREATE TABLE [AspNetRoleClaims] (
    [Id] int NOT NULL IDENTITY,
    [RoleId] nvarchar(450) NOT NULL,
    [ClaimType] nvarchar(max) NULL,
    [ClaimValue] nvarchar(max) NULL,
    CONSTRAINT [PK_AspNetRoleClaims] PRIMARY KEY ([Id]),
    CONSTRAINT [FK_AspNetRoleClaims_AspNetRoles_RoleId] FOREIGN KEY ([RoleId]) REFERENCES [AspNetRoles] ([Id]) ON DELETE CASCADE
);
2026-04-19 11:20:27.227 +02:00 [INF] Executed DbCommand (3ms) [Parameters=[], CommandType='"Text"', CommandTimeout='30']
CREATE TABLE [Activities] (
    [Id] int NOT NULL IDENTITY,
    [UserId] nvarchar(450) NOT NULL,
    [Type] int NOT NULL,
    [Description] nvarchar(max) NOT NULL,
    [CreatedAt] datetime2 NOT NULL,
    [UpdatedAt] datetime2 NULL,
    CONSTRAINT [PK_Activities] PRIMARY KEY ([Id]),
    CONSTRAINT [FK_Activities_AspNetUsers_UserId] FOREIGN KEY ([UserId]) REFERENCES [AspNetUsers] ([Id]) ON DELETE CASCADE
);
2026-04-19 11:20:27.235 +02:00 [INF] Executed DbCommand (3ms) [Parameters=[], CommandType='"Text"', CommandTimeout='30']
CREATE TABLE [AspNetUserClaims] (
    [Id] int NOT NULL IDENTITY,
    [UserId] nvarchar(450) NOT NULL,
    [ClaimType] nvarchar(max) NULL,
    [ClaimValue] nvarchar(max) NULL,
    CONSTRAINT [PK_AspNetUserClaims] PRIMARY KEY ([Id]),
    CONSTRAINT [FK_AspNetUserClaims_AspNetUsers_UserId] FOREIGN KEY ([UserId]) REFERENCES [AspNetUsers] ([Id]) ON DELETE CASCADE
);
2026-04-19 11:20:27.247 +02:00 [INF] Executed DbCommand (6ms) [Parameters=[], CommandType='"Text"', CommandTimeout='30']
CREATE TABLE [AspNetUserLogins] (
    [LoginProvider] nvarchar(450) NOT NULL,
    [ProviderKey] nvarchar(450) NOT NULL,
    [ProviderDisplayName] nvarchar(max) NULL,
    [UserId] nvarchar(450) NOT NULL,
    CONSTRAINT [PK_AspNetUserLogins] PRIMARY KEY ([LoginProvider], [ProviderKey]),
    CONSTRAINT [FK_AspNetUserLogins_AspNetUsers_UserId] FOREIGN KEY ([UserId]) REFERENCES [AspNetUsers] ([Id]) ON DELETE CASCADE
);
2026-04-19 11:20:27.258 +02:00 [INF] Executed DbCommand (5ms) [Parameters=[], CommandType='"Text"', CommandTimeout='30']
CREATE TABLE [AspNetUserRoles] (
    [UserId] nvarchar(450) NOT NULL,
    [RoleId] nvarchar(450) NOT NULL,
    CONSTRAINT [PK_AspNetUserRoles] PRIMARY KEY ([UserId], [RoleId]),
    CONSTRAINT [FK_AspNetUserRoles_AspNetRoles_RoleId] FOREIGN KEY ([RoleId]) REFERENCES [AspNetRoles] ([Id]) ON DELETE CASCADE,
    CONSTRAINT [FK_AspNetUserRoles_AspNetUsers_UserId] FOREIGN KEY ([UserId]) REFERENCES [AspNetUsers] ([Id]) ON DELETE CASCADE
);
2026-04-19 11:20:27.268 +02:00 [INF] Executed DbCommand (5ms) [Parameters=[], CommandType='"Text"', CommandTimeout='30']
CREATE TABLE [AspNetUserTokens] (
    [UserId] nvarchar(450) NOT NULL,
    [LoginProvider] nvarchar(450) NOT NULL,
    [Name] nvarchar(450) NOT NULL,
    [Value] nvarchar(max) NULL,
    CONSTRAINT [PK_AspNetUserTokens] PRIMARY KEY ([UserId], [LoginProvider], [Name]),
    CONSTRAINT [FK_AspNetUserTokens_AspNetUsers_UserId] FOREIGN KEY ([UserId]) REFERENCES [AspNetUsers] ([Id]) ON DELETE CASCADE
);
2026-04-19 11:20:27.279 +02:00 [INF] Executed DbCommand (4ms) [Parameters=[], CommandType='"Text"', CommandTimeout='30']
CREATE TABLE [leads] (
    [Id] int NOT NULL IDENTITY,
    [FullName] nvarchar(max) NOT NULL,
    [Email] nvarchar(max) NULL,
    [Phone] nvarchar(max) NULL,
    [Priority] int NOT NULL,
    [status] int NOT NULL,
    [IsActiveCustomer] bit NOT NULL,
    [CreatedById] nvarchar(450) NULL,
    [AssignedToId] nvarchar(450) NULL,
    [CreatedAt] datetime2 NOT NULL,
    [UpdatedAt] datetime2 NULL,
    CONSTRAINT [PK_leads] PRIMARY KEY ([Id]),
    CONSTRAINT [FK_leads_AspNetUsers_AssignedToId] FOREIGN KEY ([AssignedToId]) REFERENCES [AspNetUsers] ([Id]),
    CONSTRAINT [FK_leads_AspNetUsers_CreatedById] FOREIGN KEY ([CreatedById]) REFERENCES [AspNetUsers] ([Id])
);
2026-04-19 11:20:27.289 +02:00 [INF] Executed DbCommand (4ms) [Parameters=[], CommandType='"Text"', CommandTimeout='30']
CREATE TABLE [supportTickets] (
    [Id] int NOT NULL IDENTITY,
    [TicketNumber] int NOT NULL,
    [Title] nvarchar(max) NOT NULL,
    [Description] nvarchar(max) NOT NULL,
    [Status] int NOT NULL,
    [priority] int NOT NULL,
    [CreatedById] nvarchar(450) NULL,
    [AssignedToId] nvarchar(450) NULL,
    [CreatedAt] datetime2 NOT NULL,
    [UpdatedAt] datetime2 NULL,
    CONSTRAINT [PK_supportTickets] PRIMARY KEY ([Id]),
    CONSTRAINT [FK_supportTickets_AspNetUsers_AssignedToId] FOREIGN KEY ([AssignedToId]) REFERENCES [AspNetUsers] ([Id]),
    CONSTRAINT [FK_supportTickets_AspNetUsers_CreatedById] FOREIGN KEY ([CreatedById]) REFERENCES [AspNetUsers] ([Id])
);
2026-04-19 11:20:27.300 +02:00 [INF] Executed DbCommand (6ms) [Parameters=[], CommandType='"Text"', CommandTimeout='30']
CREATE TABLE [deals] (
    [Id] int NOT NULL IDENTITY,
    [Title] nvarchar(max) NOT NULL,
    [Value] decimal(18,2) NOT NULL,
    [statusOfDeal] int NOT NULL,
    [customerId] int NULL,
    [CreatedById] nvarchar(450) NULL,
    [PipelineStagesId] int NULL,
    [CreatedAt] datetime2 NOT NULL,
    [UpdatedAt] datetime2 NULL,
    CONSTRAINT [PK_deals] PRIMARY KEY ([Id]),
    CONSTRAINT [FK_deals_AspNetUsers_CreatedById] FOREIGN KEY ([CreatedById]) REFERENCES [AspNetUsers] ([Id]) ON DELETE NO ACTION,
    CONSTRAINT [FK_deals_leads_customerId] FOREIGN KEY ([customerId]) REFERENCES [leads] ([Id]),
    CONSTRAINT [FK_deals_pipelineStages_PipelineStagesId] FOREIGN KEY ([PipelineStagesId]) REFERENCES [pipelineStages] ([Id])
);
2026-04-19 11:20:27.307 +02:00 [INF] Executed DbCommand (3ms) [Parameters=[], CommandType='"Text"', CommandTimeout='30']
CREATE TABLE [Projects] (
    [Id] int NOT NULL IDENTITY,
    [Title] nvarchar(max) NOT NULL,
    [Description] nvarchar(max) NOT NULL,
    [status] int NOT NULL,
    [Price] int NOT NULL,
    [Start] datetime2 NOT NULL,
    [End] datetime2 NOT NULL,
    [customerId] int NOT NULL,
    [CreatedById] nvarchar(450) NULL,
    [AssignedToId] nvarchar(450) NULL,
    [CreatedAt] datetime2 NOT NULL,
    [UpdatedAt] datetime2 NULL,
    CONSTRAINT [PK_Projects] PRIMARY KEY ([Id]),
    CONSTRAINT [FK_Projects_AspNetUsers_AssignedToId] FOREIGN KEY ([AssignedToId]) REFERENCES [AspNetUsers] ([Id]),
    CONSTRAINT [FK_Projects_AspNetUsers_CreatedById] FOREIGN KEY ([CreatedById]) REFERENCES [AspNetUsers] ([Id]),
    CONSTRAINT [FK_Projects_leads_customerId] FOREIGN KEY ([customerId]) REFERENCES [leads] ([Id]) ON DELETE CASCADE
);
2026-04-19 11:20:27.314 +02:00 [INF] Executed DbCommand (3ms) [Parameters=[], CommandType='"Text"', CommandTimeout='30']
CREATE TABLE [tasks] (
    [Id] int NOT NULL IDENTITY,
    [Title] nvarchar(max) NOT NULL,
    [Status] int NOT NULL,
    [OrderIndex] int NULL,
    [Description] nvarchar(max) NULL,
    [DueDate] datetime2 NOT NULL,
    [ProjectId] int NOT NULL,
    [CreatedById] nvarchar(450) NULL,
    [AssignedToId] nvarchar(450) NULL,
    [CreatedAt] datetime2 NOT NULL,
    [UpdatedAt] datetime2 NULL,
    CONSTRAINT [PK_tasks] PRIMARY KEY ([Id]),
    CONSTRAINT [FK_tasks_AspNetUsers_AssignedToId] FOREIGN KEY ([AssignedToId]) REFERENCES [AspNetUsers] ([Id]),
    CONSTRAINT [FK_tasks_AspNetUsers_CreatedById] FOREIGN KEY ([CreatedById]) REFERENCES [AspNetUsers] ([Id]),
    CONSTRAINT [FK_tasks_Projects_ProjectId] FOREIGN KEY ([ProjectId]) REFERENCES [Projects] ([Id]) ON DELETE CASCADE
);
2026-04-19 11:20:27.322 +02:00 [INF] Executed DbCommand (5ms) [Parameters=[], CommandType='"Text"', CommandTimeout='30']
CREATE INDEX [IX_Activities_UserId] ON [Activities] ([UserId]);
2026-04-19 11:20:27.328 +02:00 [INF] Executed DbCommand (1ms) [Parameters=[], CommandType='"Text"', CommandTimeout='30']
CREATE INDEX [IX_AspNetRoleClaims_RoleId] ON [AspNetRoleClaims] ([RoleId]);
2026-04-19 11:20:27.334 +02:00 [INF] Executed DbCommand (3ms) [Parameters=[], CommandType='"Text"', CommandTimeout='30']
CREATE UNIQUE INDEX [RoleNameIndex] ON [AspNetRoles] ([NormalizedName]) WHERE [NormalizedName] IS NOT NULL;
2026-04-19 11:20:27.339 +02:00 [INF] Executed DbCommand (2ms) [Parameters=[], CommandType='"Text"', CommandTimeout='30']
CREATE INDEX [IX_AspNetUserClaims_UserId] ON [AspNetUserClaims] ([UserId]);
2026-04-19 11:20:27.345 +02:00 [INF] Executed DbCommand (1ms) [Parameters=[], CommandType='"Text"', CommandTimeout='30']
CREATE INDEX [IX_AspNetUserLogins_UserId] ON [AspNetUserLogins] ([UserId]);
2026-04-19 11:20:27.350 +02:00 [INF] Executed DbCommand (1ms) [Parameters=[], CommandType='"Text"', CommandTimeout='30']
CREATE INDEX [IX_AspNetUserRoles_RoleId] ON [AspNetUserRoles] ([RoleId]);
2026-04-19 11:20:27.358 +02:00 [INF] Executed DbCommand (4ms) [Parameters=[], CommandType='"Text"', CommandTimeout='30']
CREATE INDEX [EmailIndex] ON [AspNetUsers] ([NormalizedEmail]);
2026-04-19 11:20:27.365 +02:00 [INF] Executed DbCommand (2ms) [Parameters=[], CommandType='"Text"', CommandTimeout='30']
CREATE UNIQUE INDEX [UserNameIndex] ON [AspNetUsers] ([NormalizedUserName]) WHERE [NormalizedUserName] IS NOT NULL;
2026-04-19 11:20:27.370 +02:00 [INF] Executed DbCommand (1ms) [Parameters=[], CommandType='"Text"', CommandTimeout='30']
CREATE INDEX [IX_deals_CreatedById] ON [deals] ([CreatedById]);
2026-04-19 11:20:27.384 +02:00 [INF] Executed DbCommand (2ms) [Parameters=[], CommandType='"Text"', CommandTimeout='30']
CREATE INDEX [IX_deals_customerId] ON [deals] ([customerId]);
2026-04-19 11:20:27.394 +02:00 [INF] Executed DbCommand (3ms) [Parameters=[], CommandType='"Text"', CommandTimeout='30']
CREATE INDEX [IX_deals_PipelineStagesId] ON [deals] ([PipelineStagesId]);
2026-04-19 11:20:27.400 +02:00 [INF] Executed DbCommand (2ms) [Parameters=[], CommandType='"Text"', CommandTimeout='30']
CREATE INDEX [IX_leads_AssignedToId] ON [leads] ([AssignedToId]);
2026-04-19 11:20:27.409 +02:00 [INF] Executed DbCommand (4ms) [Parameters=[], CommandType='"Text"', CommandTimeout='30']
CREATE INDEX [IX_leads_CreatedById] ON [leads] ([CreatedById]);
2026-04-19 11:20:27.415 +02:00 [INF] Executed DbCommand (2ms) [Parameters=[], CommandType='"Text"', CommandTimeout='30']
CREATE INDEX [IX_Projects_AssignedToId] ON [Projects] ([AssignedToId]);
2026-04-19 11:20:27.423 +02:00 [INF] Executed DbCommand (2ms) [Parameters=[], CommandType='"Text"', CommandTimeout='30']
CREATE INDEX [IX_Projects_CreatedById] ON [Projects] ([CreatedById]);
2026-04-19 11:20:27.431 +02:00 [INF] Executed DbCommand (2ms) [Parameters=[], CommandType='"Text"', CommandTimeout='30']
CREATE INDEX [IX_Projects_customerId] ON [Projects] ([customerId]);
2026-04-19 11:20:27.436 +02:00 [INF] Executed DbCommand (1ms) [Parameters=[], CommandType='"Text"', CommandTimeout='30']
CREATE INDEX [IX_supportTickets_AssignedToId] ON [supportTickets] ([AssignedToId]);
2026-04-19 11:20:27.445 +02:00 [INF] Executed DbCommand (2ms) [Parameters=[], CommandType='"Text"', CommandTimeout='30']
CREATE INDEX [IX_supportTickets_CreatedById] ON [supportTickets] ([CreatedById]);
2026-04-19 11:20:27.451 +02:00 [INF] Executed DbCommand (2ms) [Parameters=[], CommandType='"Text"', CommandTimeout='30']
CREATE INDEX [IX_tasks_AssignedToId] ON [tasks] ([AssignedToId]);
2026-04-19 11:20:27.468 +02:00 [INF] Executed DbCommand (2ms) [Parameters=[], CommandType='"Text"', CommandTimeout='30']
CREATE INDEX [IX_tasks_CreatedById] ON [tasks] ([CreatedById]);
2026-04-19 11:20:27.481 +02:00 [INF] Executed DbCommand (2ms) [Parameters=[], CommandType='"Text"', CommandTimeout='30']
CREATE INDEX [IX_tasks_ProjectId] ON [tasks] ([ProjectId]);
2026-04-19 11:20:27.513 +02:00 [INF] Executed DbCommand (26ms) [Parameters=[], CommandType='"Text"', CommandTimeout='30']
INSERT INTO [__EFMigrationsHistory] ([MigrationId], [ProductVersion])
VALUES (N'20260329205608_intialdb', N'8.0.0');
2026-04-19 11:20:27.531 +02:00 [INF] Applying migration '20260329205710_intialdb-1'.
2026-04-19 11:20:27.580 +02:00 [INF] Executed DbCommand (10ms) [Parameters=[], CommandType='"Text"', CommandTimeout='30']
ALTER TABLE [deals] DROP CONSTRAINT [FK_deals_leads_customerId];
2026-04-19 11:20:27.587 +02:00 [INF] Executed DbCommand (3ms) [Parameters=[], CommandType='"Text"', CommandTimeout='30']
ALTER TABLE [leads] DROP CONSTRAINT [FK_leads_AspNetUsers_AssignedToId];
2026-04-19 11:20:27.594 +02:00 [INF] Executed DbCommand (2ms) [Parameters=[], CommandType='"Text"', CommandTimeout='30']
ALTER TABLE [leads] DROP CONSTRAINT [FK_leads_AspNetUsers_CreatedById];
2026-04-19 11:20:27.600 +02:00 [INF] Executed DbCommand (2ms) [Parameters=[], CommandType='"Text"', CommandTimeout='30']
ALTER TABLE [Projects] DROP CONSTRAINT [FK_Projects_leads_customerId];
2026-04-19 11:20:27.613 +02:00 [INF] Executed DbCommand (7ms) [Parameters=[], CommandType='"Text"', CommandTimeout='30']
ALTER TABLE [leads] DROP CONSTRAINT [PK_leads];
2026-04-19 11:20:28.344 +02:00 [INF] Executed DbCommand (726ms) [Parameters=[], CommandType='"Text"', CommandTimeout='30']
EXEC sp_rename N'[leads]', N'customers';
2026-04-19 11:20:28.352 +02:00 [INF] Executed DbCommand (3ms) [Parameters=[], CommandType='"Text"', CommandTimeout='30']
EXEC sp_rename N'[customers].[IX_leads_CreatedById]', N'IX_customers_CreatedById', N'INDEX';
2026-04-19 11:20:28.360 +02:00 [INF] Executed DbCommand (3ms) [Parameters=[], CommandType='"Text"', CommandTimeout='30']
EXEC sp_rename N'[customers].[IX_leads_AssignedToId]', N'IX_customers_AssignedToId', N'INDEX';
2026-04-19 11:20:28.369 +02:00 [INF] Executed DbCommand (5ms) [Parameters=[], CommandType='"Text"', CommandTimeout='30']
ALTER TABLE [customers] ADD CONSTRAINT [PK_customers] PRIMARY KEY ([Id]);
2026-04-19 11:20:28.378 +02:00 [INF] Executed DbCommand (2ms) [Parameters=[], CommandType='"Text"', CommandTimeout='30']
ALTER TABLE [customers] ADD CONSTRAINT [FK_customers_AspNetUsers_AssignedToId] FOREIGN KEY ([AssignedToId]) REFERENCES [AspNetUsers] ([Id]);
2026-04-19 11:20:28.383 +02:00 [INF] Executed DbCommand (2ms) [Parameters=[], CommandType='"Text"', CommandTimeout='30']
ALTER TABLE [customers] ADD CONSTRAINT [FK_customers_AspNetUsers_CreatedById] FOREIGN KEY ([CreatedById]) REFERENCES [AspNetUsers] ([Id]);
2026-04-19 11:20:28.391 +02:00 [INF] Executed DbCommand (3ms) [Parameters=[], CommandType='"Text"', CommandTimeout='30']
ALTER TABLE [deals] ADD CONSTRAINT [FK_deals_customers_customerId] FOREIGN KEY ([customerId]) REFERENCES [customers] ([Id]);
2026-04-19 11:20:28.400 +02:00 [INF] Executed DbCommand (4ms) [Parameters=[], CommandType='"Text"', CommandTimeout='30']
ALTER TABLE [Projects] ADD CONSTRAINT [FK_Projects_customers_customerId] FOREIGN KEY ([customerId]) REFERENCES [customers] ([Id]) ON DELETE CASCADE;
2026-04-19 11:20:28.418 +02:00 [INF] Executed DbCommand (9ms) [Parameters=[], CommandType='"Text"', CommandTimeout='30']
INSERT INTO [__EFMigrationsHistory] ([MigrationId], [ProductVersion])
VALUES (N'20260329205710_intialdb-1', N'8.0.0');
2026-04-19 11:20:28.426 +02:00 [INF] Applying migration '20260329205810_intialdb-2'.
2026-04-19 11:20:28.454 +02:00 [INF] Executed DbCommand (3ms) [Parameters=[], CommandType='"Text"', CommandTimeout='30']
ALTER TABLE [deals] DROP CONSTRAINT [FK_deals_AspNetUsers_CreatedById];
2026-04-19 11:20:28.465 +02:00 [INF] Executed DbCommand (4ms) [Parameters=[], CommandType='"Text"', CommandTimeout='30']
ALTER TABLE [deals] ADD [AssignedToId] nvarchar(450) NULL;
2026-04-19 11:20:28.471 +02:00 [INF] Executed DbCommand (1ms) [Parameters=[], CommandType='"Text"', CommandTimeout='30']
CREATE INDEX [IX_deals_AssignedToId] ON [deals] ([AssignedToId]);
2026-04-19 11:20:28.478 +02:00 [INF] Executed DbCommand (2ms) [Parameters=[], CommandType='"Text"', CommandTimeout='30']
ALTER TABLE [deals] ADD CONSTRAINT [FK_deals_AspNetUsers_AssignedToId] FOREIGN KEY ([AssignedToId]) REFERENCES [AspNetUsers] ([Id]);
2026-04-19 11:20:28.483 +02:00 [INF] Executed DbCommand (1ms) [Parameters=[], CommandType='"Text"', CommandTimeout='30']
ALTER TABLE [deals] ADD CONSTRAINT [FK_deals_AspNetUsers_CreatedById] FOREIGN KEY ([CreatedById]) REFERENCES [AspNetUsers] ([Id]);
2026-04-19 11:20:28.490 +02:00 [INF] Executed DbCommand (2ms) [Parameters=[], CommandType='"Text"', CommandTimeout='30']
INSERT INTO [__EFMigrationsHistory] ([MigrationId], [ProductVersion])
VALUES (N'20260329205810_intialdb-2', N'8.0.0');
2026-04-19 11:20:28.565 +02:00 [INF] User profile is available. Using 'C:\Users\TheOne\AppData\Local\ASP.NET\DataProtection-Keys' as key repository and Windows DPAPI to encrypt keys at rest.
2026-04-19 11:20:29.203 +02:00 [INF] Executed DbCommand (173ms) [Parameters=[@__normalizedName_0='?' (Size = 256)], CommandType='"Text"', CommandTimeout='30']
SELECT TOP(1) [a].[Id], [a].[ConcurrencyStamp], [a].[Name], [a].[NormalizedName]
FROM [AspNetRoles] AS [a]
WHERE [a].[NormalizedName] = @__normalizedName_0
2026-04-19 11:20:29.235 +02:00 [INF] Executed DbCommand (2ms) [Parameters=[@__normalizedName_0='?' (Size = 256)], CommandType='"Text"', CommandTimeout='30']
SELECT TOP(1) [a].[Id], [a].[ConcurrencyStamp], [a].[Name], [a].[NormalizedName]
FROM [AspNetRoles] AS [a]
WHERE [a].[NormalizedName] = @__normalizedName_0
2026-04-19 11:20:29.468 +02:00 [INF] Executed DbCommand (7ms) [Parameters=[@p0='?' (Size = 450), @p1='?' (Size = 4000), @p2='?' (Size = 256), @p3='?' (Size = 256)], CommandType='"Text"', CommandTimeout='30']
SET IMPLICIT_TRANSACTIONS OFF;
SET NOCOUNT ON;
INSERT INTO [AspNetRoles] ([Id], [ConcurrencyStamp], [Name], [NormalizedName])
VALUES (@p0, @p1, @p2, @p3);
2026-04-19 11:20:29.537 +02:00 [INF] Executed DbCommand (20ms) [Parameters=[@__normalizedName_0='?' (Size = 256)], CommandType='"Text"', CommandTimeout='30']
SELECT TOP(1) [a].[Id], [a].[ConcurrencyStamp], [a].[Name], [a].[NormalizedName]
FROM [AspNetRoles] AS [a]
WHERE [a].[NormalizedName] = @__normalizedName_0
2026-04-19 11:20:29.557 +02:00 [INF] Executed DbCommand (4ms) [Parameters=[@__normalizedName_0='?' (Size = 256)], CommandType='"Text"', CommandTimeout='30']
SELECT TOP(1) [a].[Id], [a].[ConcurrencyStamp], [a].[Name], [a].[NormalizedName]
FROM [AspNetRoles] AS [a]
WHERE [a].[NormalizedName] = @__normalizedName_0
2026-04-19 11:20:29.569 +02:00 [INF] Executed DbCommand (4ms) [Parameters=[@p0='?' (Size = 450), @p1='?' (Size = 4000), @p2='?' (Size = 256), @p3='?' (Size = 256)], CommandType='"Text"', CommandTimeout='30']
SET IMPLICIT_TRANSACTIONS OFF;
SET NOCOUNT ON;
INSERT INTO [AspNetRoles] ([Id], [ConcurrencyStamp], [Name], [NormalizedName])
VALUES (@p0, @p1, @p2, @p3);
2026-04-19 11:20:29.581 +02:00 [INF] Executed DbCommand (1ms) [Parameters=[@__normalizedName_0='?' (Size = 256)], CommandType='"Text"', CommandTimeout='30']
SELECT TOP(1) [a].[Id], [a].[ConcurrencyStamp], [a].[Name], [a].[NormalizedName]
FROM [AspNetRoles] AS [a]
WHERE [a].[NormalizedName] = @__normalizedName_0
2026-04-19 11:20:29.588 +02:00 [INF] Executed DbCommand (2ms) [Parameters=[@__normalizedName_0='?' (Size = 256)], CommandType='"Text"', CommandTimeout='30']
SELECT TOP(1) [a].[Id], [a].[ConcurrencyStamp], [a].[Name], [a].[NormalizedName]
FROM [AspNetRoles] AS [a]
WHERE [a].[NormalizedName] = @__normalizedName_0
2026-04-19 11:20:29.599 +02:00 [INF] Executed DbCommand (4ms) [Parameters=[@p0='?' (Size = 450), @p1='?' (Size = 4000), @p2='?' (Size = 256), @p3='?' (Size = 256)], CommandType='"Text"', CommandTimeout='30']
SET IMPLICIT_TRANSACTIONS OFF;
SET NOCOUNT ON;
INSERT INTO [AspNetRoles] ([Id], [ConcurrencyStamp], [Name], [NormalizedName])
VALUES (@p0, @p1, @p2, @p3);
2026-04-19 11:20:29.608 +02:00 [INF] Executed DbCommand (4ms) [Parameters=[@__normalizedName_0='?' (Size = 256)], CommandType='"Text"', CommandTimeout='30']
SELECT TOP(1) [a].[Id], [a].[ConcurrencyStamp], [a].[Name], [a].[NormalizedName]
FROM [AspNetRoles] AS [a]
WHERE [a].[NormalizedName] = @__normalizedName_0
2026-04-19 11:20:29.616 +02:00 [INF] Executed DbCommand (2ms) [Parameters=[@__normalizedName_0='?' (Size = 256)], CommandType='"Text"', CommandTimeout='30']
SELECT TOP(1) [a].[Id], [a].[ConcurrencyStamp], [a].[Name], [a].[NormalizedName]
FROM [AspNetRoles] AS [a]
WHERE [a].[NormalizedName] = @__normalizedName_0
2026-04-19 11:20:29.623 +02:00 [INF] Executed DbCommand (2ms) [Parameters=[@p0='?' (Size = 450), @p1='?' (Size = 4000), @p2='?' (Size = 256), @p3='?' (Size = 256)], CommandType='"Text"', CommandTimeout='30']
SET IMPLICIT_TRANSACTIONS OFF;
SET NOCOUNT ON;
INSERT INTO [AspNetRoles] ([Id], [ConcurrencyStamp], [Name], [NormalizedName])
VALUES (@p0, @p1, @p2, @p3);
2026-04-19 11:20:29.630 +02:00 [INF] Executed DbCommand (1ms) [Parameters=[@__normalizedName_0='?' (Size = 256)], CommandType='"Text"', CommandTimeout='30']
SELECT TOP(1) [a].[Id], [a].[ConcurrencyStamp], [a].[Name], [a].[NormalizedName]
FROM [AspNetRoles] AS [a]
WHERE [a].[NormalizedName] = @__normalizedName_0
2026-04-19 11:20:29.637 +02:00 [INF] Executed DbCommand (2ms) [Parameters=[@__normalizedName_0='?' (Size = 256)], CommandType='"Text"', CommandTimeout='30']
SELECT TOP(1) [a].[Id], [a].[ConcurrencyStamp], [a].[Name], [a].[NormalizedName]
FROM [AspNetRoles] AS [a]
WHERE [a].[NormalizedName] = @__normalizedName_0
2026-04-19 11:20:29.645 +02:00 [INF] Executed DbCommand (1ms) [Parameters=[@p0='?' (Size = 450), @p1='?' (Size = 4000), @p2='?' (Size = 256), @p3='?' (Size = 256)], CommandType='"Text"', CommandTimeout='30']
SET IMPLICIT_TRANSACTIONS OFF;
SET NOCOUNT ON;
INSERT INTO [AspNetRoles] ([Id], [ConcurrencyStamp], [Name], [NormalizedName])
VALUES (@p0, @p1, @p2, @p3);
2026-04-19 11:20:29.664 +02:00 [INF] Executed DbCommand (5ms) [Parameters=[@__normalizedEmail_0='?' (Size = 256)], CommandType='"Text"', CommandTimeout='30']
SELECT TOP(2) [a].[Id], [a].[AccessFailedCount], [a].[ConcurrencyStamp], [a].[CreatedAt], [a].[Email], [a].[EmailConfirmed], [a].[FullName], [a].[IsActive], [a].[LockoutEnabled], [a].[LockoutEnd], [a].[NormalizedEmail], [a].[NormalizedUserName], [a].[PasswordHash], [a].[PhoneNumber], [a].[PhoneNumberConfirmed], [a].[SecurityStamp], [a].[TwoFactorEnabled], [a].[UserName], [a].[imageUrl]
FROM [AspNetUsers] AS [a]
WHERE [a].[NormalizedEmail] = @__normalizedEmail_0
2026-04-19 11:20:29.811 +02:00 [INF] Executed DbCommand (6ms) [Parameters=[@__normalizedUserName_0='?' (Size = 256)], CommandType='"Text"', CommandTimeout='30']
SELECT TOP(1) [a].[Id], [a].[AccessFailedCount], [a].[ConcurrencyStamp], [a].[CreatedAt], [a].[Email], [a].[EmailConfirmed], [a].[FullName], [a].[IsActive], [a].[LockoutEnabled], [a].[LockoutEnd], [a].[NormalizedEmail], [a].[NormalizedUserName], [a].[PasswordHash], [a].[PhoneNumber], [a].[PhoneNumberConfirmed], [a].[SecurityStamp], [a].[TwoFactorEnabled], [a].[UserName], [a].[imageUrl]
FROM [AspNetUsers] AS [a]
WHERE [a].[NormalizedUserName] = @__normalizedUserName_0
2026-04-19 11:20:29.921 +02:00 [INF] Executed DbCommand (11ms) [Parameters=[@p0='?' (Size = 450), @p1='?' (DbType = Int32), @p2='?' (Size = 4000), @p3='?' (DbType = DateTime2), @p4='?' (Size = 256), @p5='?' (DbType = Boolean), @p6='?' (Size = 4000), @p7='?' (DbType = Boolean), @p8='?' (DbType = Boolean), @p9='?' (DbType = DateTimeOffset), @p10='?' (Size = 256), @p11='?' (Size = 256), @p12='?' (Size = 4000), @p13='?' (Size = 4000), @p14='?' (DbType = Boolean), @p15='?' (Size = 4000), @p16='?' (DbType = Boolean), @p17='?' (Size = 256), @p18='?' (Size = 4000)], CommandType='"Text"', CommandTimeout='30']
SET IMPLICIT_TRANSACTIONS OFF;
SET NOCOUNT ON;
INSERT INTO [AspNetUsers] ([Id], [AccessFailedCount], [ConcurrencyStamp], [CreatedAt], [Email], [EmailConfirmed], [FullName], [IsActive], [LockoutEnabled], [LockoutEnd], [NormalizedEmail], [NormalizedUserName], [PasswordHash], [PhoneNumber], [PhoneNumberConfirmed], [SecurityStamp], [TwoFactorEnabled], [UserName], [imageUrl])
VALUES (@p0, @p1, @p2, @p3, @p4, @p5, @p6, @p7, @p8, @p9, @p10, @p11, @p12, @p13, @p14, @p15, @p16, @p17, @p18);
2026-04-19 11:20:29.940 +02:00 [INF] Executed DbCommand (5ms) [Parameters=[@__normalizedRoleName_0='?' (Size = 256)], CommandType='"Text"', CommandTimeout='30']
SELECT TOP(2) [a].[Id], [a].[ConcurrencyStamp], [a].[Name], [a].[NormalizedName]
FROM [AspNetRoles] AS [a]
WHERE [a].[NormalizedName] = @__normalizedRoleName_0
2026-04-19 11:20:30.006 +02:00 [INF] Executed DbCommand (3ms) [Parameters=[@__p_0='?' (Size = 450), @__p_1='?' (Size = 450)], CommandType='"Text"', CommandTimeout='30']
SELECT TOP(1) [a].[UserId], [a].[RoleId]
FROM [AspNetUserRoles] AS [a]
WHERE [a].[UserId] = @__p_0 AND [a].[RoleId] = @__p_1
2026-04-19 11:20:30.023 +02:00 [INF] Executed DbCommand (4ms) [Parameters=[@__normalizedRoleName_0='?' (Size = 256)], CommandType='"Text"', CommandTimeout='30']
SELECT TOP(2) [a].[Id], [a].[ConcurrencyStamp], [a].[Name], [a].[NormalizedName]
FROM [AspNetRoles] AS [a]
WHERE [a].[NormalizedName] = @__normalizedRoleName_0
2026-04-19 11:20:30.058 +02:00 [INF] Executed DbCommand (14ms) [Parameters=[@__normalizedUserName_0='?' (Size = 256)], CommandType='"Text"', CommandTimeout='30']
SELECT TOP(1) [a].[Id], [a].[AccessFailedCount], [a].[ConcurrencyStamp], [a].[CreatedAt], [a].[Email], [a].[EmailConfirmed], [a].[FullName], [a].[IsActive], [a].[LockoutEnabled], [a].[LockoutEnd], [a].[NormalizedEmail], [a].[NormalizedUserName], [a].[PasswordHash], [a].[PhoneNumber], [a].[PhoneNumberConfirmed], [a].[SecurityStamp], [a].[TwoFactorEnabled], [a].[UserName], [a].[imageUrl]
FROM [AspNetUsers] AS [a]
WHERE [a].[NormalizedUserName] = @__normalizedUserName_0
2026-04-19 11:20:30.110 +02:00 [INF] Executed DbCommand (25ms) [Parameters=[@p0='?' (Size = 450), @p1='?' (Size = 450), @p20='?' (Size = 450), @p2='?' (DbType = Int32), @p3='?' (Size = 4000), @p21='?' (Size = 4000), @p4='?' (DbType = DateTime2), @p5='?' (Size = 256), @p6='?' (DbType = Boolean), @p7='?' (Size = 4000), @p8='?' (DbType = Boolean), @p9='?' (DbType = Boolean), @p10='?' (DbType = DateTimeOffset), @p11='?' (Size = 256), @p12='?' (Size = 256), @p13='?' (Size = 4000), @p14='?' (Size = 4000), @p15='?' (DbType = Boolean), @p16='?' (Size = 4000), @p17='?' (DbType = Boolean), @p18='?' (Size = 256), @p19='?' (Size = 4000)], CommandType='"Text"', CommandTimeout='30']
SET NOCOUNT ON;
INSERT INTO [AspNetUserRoles] ([RoleId], [UserId])
VALUES (@p0, @p1);
UPDATE [AspNetUsers] SET [AccessFailedCount] = @p2, [ConcurrencyStamp] = @p3, [CreatedAt] = @p4, [Email] = @p5, [EmailConfirmed] = @p6, [FullName] = @p7, [IsActive] = @p8, [LockoutEnabled] = @p9, [LockoutEnd] = @p10, [NormalizedEmail] = @p11, [NormalizedUserName] = @p12, [PasswordHash] = @p13, [PhoneNumber] = @p14, [PhoneNumberConfirmed] = @p15, [SecurityStamp] = @p16, [TwoFactorEnabled] = @p17, [UserName] = @p18, [imageUrl] = @p19
OUTPUT 1
WHERE [Id] = @p20 AND [ConcurrencyStamp] = @p21;
2026-04-19 11:20:30.331 +02:00 [INF] No action descriptors found. This may indicate an incorrectly configured application or missing application parts. To learn more, visit https://aka.ms/aspnet/mvc/app-parts
2026-04-19 11:20:30.748 +02:00 [INF] Now listening on: http://localhost:5210
2026-04-19 11:20:30.819 +02:00 [INF] Application started. Press Ctrl+C to shut down.
2026-04-19 11:20:30.823 +02:00 [INF] Hosting environment: Development
2026-04-19 11:20:30.827 +02:00 [INF] Content root path: E:\TheOneCRM\TheOneCRM
2026-04-19 11:20:32.249 +02:00 [INF] Request starting HTTP/1.1 GET http://localhost:5210/swagger - null null
2026-04-19 11:20:32.563 +02:00 [INF] Request finished HTTP/1.1 GET http://localhost:5210/swagger - 301 null null 324.7576ms
2026-04-19 11:20:32.573 +02:00 [INF] Request starting HTTP/1.1 GET http://localhost:5210/swagger/index.html - null null
2026-04-19 11:20:32.710 +02:00 [INF] Request finished HTTP/1.1 GET http://localhost:5210/swagger/index.html - 200 null text/html;charset=utf-8 137.8178ms
2026-04-19 11:20:32.740 +02:00 [INF] Request starting HTTP/1.1 GET http://localhost:5210/swagger/swagger-ui.css - null null
2026-04-19 11:20:32.743 +02:00 [INF] Request starting HTTP/1.1 GET http://localhost:5210/swagger/swagger-ui-bundle.js - null null
2026-04-19 11:20:32.748 +02:00 [INF] Request starting HTTP/1.1 GET http://localhost:5210/swagger/swagger-ui-standalone-preset.js - null null
2026-04-19 11:20:32.753 +02:00 [INF] Request starting HTTP/1.1 GET http://localhost:5210/_framework/aspnetcore-browser-refresh.js - null null
2026-04-19 11:20:32.770 +02:00 [INF] Request finished HTTP/1.1 GET http://localhost:5210/_framework/aspnetcore-browser-refresh.js - 200 14931 application/javascript; charset=utf-8 16.387ms
2026-04-19 11:20:32.809 +02:00 [INF] Sending file. Request path: '/swagger-ui-standalone-preset.js'. Physical path: 'N/A'
2026-04-19 11:20:32.809 +02:00 [INF] Sending file. Request path: '/swagger-ui.css'. Physical path: 'N/A'
2026-04-19 11:20:32.817 +02:00 [INF] Request starting HTTP/1.1 GET http://localhost:5210/_vs/browserLink - null null
2026-04-19 11:20:32.821 +02:00 [INF] Request finished HTTP/1.1 GET http://localhost:5210/swagger/swagger-ui-standalone-preset.js - 200 230280 text/javascript 72.5016ms
2026-04-19 11:20:32.821 +02:00 [INF] Request finished HTTP/1.1 GET http://localhost:5210/swagger/swagger-ui.css - 200 152034 text/css 81.5015ms
2026-04-19 11:20:32.951 +02:00 [INF] Request finished HTTP/1.1 GET http://localhost:5210/_vs/browserLink - 200 null text/javascript; charset=UTF-8 134.3792ms
2026-04-19 11:20:32.960 +02:00 [INF] Sending file. Request path: '/swagger-ui-bundle.js'. Physical path: 'N/A'
2026-04-19 11:20:32.966 +02:00 [INF] Request finished HTTP/1.1 GET http://localhost:5210/swagger/swagger-ui-bundle.js - 200 1456926 text/javascript 222.8165ms
2026-04-19 11:20:33.240 +02:00 [INF] Request starting HTTP/1.1 GET http://localhost:5210/swagger/v1/swagger.json - null null
2026-04-19 11:20:33.264 +02:00 [INF] Request finished HTTP/1.1 GET http://localhost:5210/swagger/v1/swagger.json - 200 null application/json;charset=utf-8 26.1775ms
2026-04-19 11:20:33.265 +02:00 [INF] Request starting HTTP/1.1 GET http://localhost:5210/swagger/favicon-32x32.png - null null
2026-04-19 11:20:33.280 +02:00 [INF] Sending file. Request path: '/favicon-32x32.png'. Physical path: 'N/A'
2026-04-19 11:20:33.282 +02:00 [INF] Request finished HTTP/1.1 GET http://localhost:5210/swagger/favicon-32x32.png - 200 628 image/png 17.691ms
2026-04-19 11:47:17.012 +02:00 [WRN] No store type was specified for the decimal property 'Value' on entity type 'Deal'. This will cause values to be silently truncated if they do not fit in the default precision and scale. Explicitly specify the SQL server column type that can accommodate all the values in 'OnModelCreating' using 'HasColumnType', specify precision and scale using 'HasPrecision', or configure a value converter using 'HasConversion'.
2026-04-19 11:47:17.847 +02:00 [INF] Executed DbCommand (42ms) [Parameters=[], CommandType='"Text"', CommandTimeout='30']
SELECT 1
2026-04-19 11:47:17.910 +02:00 [INF] Executed DbCommand (37ms) [Parameters=[], CommandType='"Text"', CommandTimeout='30']
SELECT OBJECT_ID(N'[__EFMigrationsHistory]');
2026-04-19 11:47:17.925 +02:00 [INF] Executed DbCommand (2ms) [Parameters=[], CommandType='"Text"', CommandTimeout='30']
SELECT 1
2026-04-19 11:47:17.932 +02:00 [INF] Executed DbCommand (2ms) [Parameters=[], CommandType='"Text"', CommandTimeout='30']
SELECT OBJECT_ID(N'[__EFMigrationsHistory]');
2026-04-19 11:47:17.964 +02:00 [INF] Executed DbCommand (10ms) [Parameters=[], CommandType='"Text"', CommandTimeout='30']
SELECT [MigrationId], [ProductVersion]
FROM [__EFMigrationsHistory]
ORDER BY [MigrationId];
2026-04-19 11:47:17.996 +02:00 [INF] No migrations were applied. The database is already up to date.
2026-04-19 11:47:18.047 +02:00 [INF] User profile is available. Using 'C:\Users\TheOne\AppData\Local\ASP.NET\DataProtection-Keys' as key repository and Windows DPAPI to encrypt keys at rest.
2026-04-19 11:47:18.499 +02:00 [INF] Executed DbCommand (37ms) [Parameters=[@__normalizedName_0='?' (Size = 256)], CommandType='"Text"', CommandTimeout='30']
SELECT TOP(1) [a].[Id], [a].[ConcurrencyStamp], [a].[Name], [a].[NormalizedName]
FROM [AspNetRoles] AS [a]
WHERE [a].[NormalizedName] = @__normalizedName_0
2026-04-19 11:47:18.560 +02:00 [INF] Executed DbCommand (2ms) [Parameters=[@__normalizedName_0='?' (Size = 256)], CommandType='"Text"', CommandTimeout='30']
SELECT TOP(1) [a].[Id], [a].[ConcurrencyStamp], [a].[Name], [a].[NormalizedName]
FROM [AspNetRoles] AS [a]
WHERE [a].[NormalizedName] = @__normalizedName_0
2026-04-19 11:47:18.567 +02:00 [INF] Executed DbCommand (2ms) [Parameters=[@__normalizedName_0='?' (Size = 256)], CommandType='"Text"', CommandTimeout='30']
SELECT TOP(1) [a].[Id], [a].[ConcurrencyStamp], [a].[Name], [a].[NormalizedName]
FROM [AspNetRoles] AS [a]
WHERE [a].[NormalizedName] = @__normalizedName_0
2026-04-19 11:47:18.575 +02:00 [INF] Executed DbCommand (2ms) [Parameters=[@__normalizedName_0='?' (Size = 256)], CommandType='"Text"', CommandTimeout='30']
SELECT TOP(1) [a].[Id], [a].[ConcurrencyStamp], [a].[Name], [a].[NormalizedName]
FROM [AspNetRoles] AS [a]
WHERE [a].[NormalizedName] = @__normalizedName_0
2026-04-19 11:47:18.584 +02:00 [INF] Executed DbCommand (3ms) [Parameters=[@__normalizedName_0='?' (Size = 256)], CommandType='"Text"', CommandTimeout='30']
SELECT TOP(1) [a].[Id], [a].[ConcurrencyStamp], [a].[Name], [a].[NormalizedName]
FROM [AspNetRoles] AS [a]
WHERE [a].[NormalizedName] = @__normalizedName_0
2026-04-19 11:47:18.615 +02:00 [INF] Executed DbCommand (12ms) [Parameters=[@__normalizedEmail_0='?' (Size = 256)], CommandType='"Text"', CommandTimeout='30']
SELECT TOP(2) [a].[Id], [a].[AccessFailedCount], [a].[ConcurrencyStamp], [a].[CreatedAt], [a].[Email], [a].[EmailConfirmed], [a].[FullName], [a].[IsActive], [a].[LockoutEnabled], [a].[LockoutEnd], [a].[NormalizedEmail], [a].[NormalizedUserName], [a].[PasswordHash], [a].[PhoneNumber], [a].[PhoneNumberConfirmed], [a].[SecurityStamp], [a].[TwoFactorEnabled], [a].[UserName], [a].[imageUrl]
FROM [AspNetUsers] AS [a]
WHERE [a].[NormalizedEmail] = @__normalizedEmail_0
2026-04-19 11:47:18.825 +02:00 [INF] No action descriptors found. This may indicate an incorrectly configured application or missing application parts. To learn more, visit https://aka.ms/aspnet/mvc/app-parts
2026-04-19 11:47:19.089 +02:00 [INF] Now listening on: http://localhost:5210
2026-04-19 11:47:19.243 +02:00 [INF] Application started. Press Ctrl+C to shut down.
2026-04-19 11:47:19.246 +02:00 [INF] Hosting environment: Development
2026-04-19 11:47:19.248 +02:00 [INF] Content root path: E:\TheOneCRM\TheOneCRM
2026-04-19 11:47:20.093 +02:00 [INF] Request starting HTTP/1.1 GET http://localhost:5210/swagger/index.html - null null
2026-04-19 11:47:20.436 +02:00 [INF] Request finished HTTP/1.1 GET http://localhost:5210/swagger/index.html - 200 null text/html;charset=utf-8 363.7889ms
2026-04-19 11:47:20.506 +02:00 [INF] Request starting HTTP/1.1 GET http://localhost:5210/_framework/aspnetcore-browser-refresh.js - null null
2026-04-19 11:47:20.519 +02:00 [INF] Request finished HTTP/1.1 GET http://localhost:5210/_framework/aspnetcore-browser-refresh.js - 200 14931 application/javascript; charset=utf-8 12.262ms
2026-04-19 11:47:20.531 +02:00 [INF] Request starting HTTP/1.1 GET http://localhost:5210/_vs/browserLink - null null
2026-04-19 11:47:20.612 +02:00 [INF] Request finished HTTP/1.1 GET http://localhost:5210/_vs/browserLink - 200 null text/javascript; charset=UTF-8 80.8528ms
2026-04-19 11:47:20.911 +02:00 [INF] Request starting HTTP/1.1 GET http://localhost:5210/swagger/v1/swagger.json - null null
2026-04-19 11:47:20.930 +02:00 [INF] Request finished HTTP/1.1 GET http://localhost:5210/swagger/v1/swagger.json - 200 null application/json;charset=utf-8 19.2443ms
