2026-04-30 10:51:52.205 +03:00 [WRN] No store type was specified for the decimal property 'Budget' on entity type 'Campaigns'. This will cause values to be silently truncated if they do not fit in the default precision and scale. Explicitly specify the SQL server column type that can accommodate all the values in 'OnModelCreating' using 'HasColumnType', specify precision and scale using 'HasPrecision', or configure a value converter using 'HasConversion'.
2026-04-30 10:51:52.266 +03:00 [WRN] No store type was specified for the decimal property 'Value' on entity type 'Deal'. This will cause values to be silently truncated if they do not fit in the default precision and scale. Explicitly specify the SQL server column type that can accommodate all the values in 'OnModelCreating' using 'HasColumnType', specify precision and scale using 'HasPrecision', or configure a value converter using 'HasConversion'.
2026-04-30 10:51:57.825 +03:00 [INF] Now listening on: http://localhost:5210
2026-04-30 10:51:58.133 +03:00 [INF] Application started. Press Ctrl+C to shut down.
2026-04-30 10:51:58.147 +03:00 [INF] Hosting environment: Development
2026-04-30 10:51:58.149 +03:00 [INF] Content root path: E:\TheOneCRM\TheOneCRM
2026-04-30 10:52:16.278 +03:00 [WRN] Failed to determine the https port for redirect.
2026-04-30 10:52:19.573 +03:00 [WRN] Cannot modify response for StatusCode 400: Response has already started.
2026-04-30 10:52:55.330 +03:00 [WRN] Cannot modify response for StatusCode 201: Response has already started.
2026-04-30 11:34:14.299 +03:00 [WRN] No store type was specified for the decimal property 'Budget' on entity type 'Campaigns'. This will cause values to be silently truncated if they do not fit in the default precision and scale. Explicitly specify the SQL server column type that can accommodate all the values in 'OnModelCreating' using 'HasColumnType', specify precision and scale using 'HasPrecision', or configure a value converter using 'HasConversion'.
2026-04-30 11:34:14.361 +03:00 [WRN] No store type was specified for the decimal property 'Value' on entity type 'Deal'. This will cause values to be silently truncated if they do not fit in the default precision and scale. Explicitly specify the SQL server column type that can accommodate all the values in 'OnModelCreating' using 'HasColumnType', specify precision and scale using 'HasPrecision', or configure a value converter using 'HasConversion'.
2026-04-30 11:34:18.670 +03:00 [INF] Now listening on: http://localhost:5210
2026-04-30 11:34:18.884 +03:00 [INF] Application started. Press Ctrl+C to shut down.
2026-04-30 11:34:18.889 +03:00 [INF] Hosting environment: Development
2026-04-30 11:34:18.890 +03:00 [INF] Content root path: E:\TheOneCRM\TheOneCRM
2026-04-30 11:35:18.454 +03:00 [WRN] No store type was specified for the decimal property 'Budget' on entity type 'Campaigns'. This will cause values to be silently truncated if they do not fit in the default precision and scale. Explicitly specify the SQL server column type that can accommodate all the values in 'OnModelCreating' using 'HasColumnType', specify precision and scale using 'HasPrecision', or configure a value converter using 'HasConversion'.
2026-04-30 11:35:18.514 +03:00 [WRN] No store type was specified for the decimal property 'Value' on entity type 'Deal'. This will cause values to be silently truncated if they do not fit in the default precision and scale. Explicitly specify the SQL server column type that can accommodate all the values in 'OnModelCreating' using 'HasColumnType', specify precision and scale using 'HasPrecision', or configure a value converter using 'HasConversion'.
2026-04-30 11:35:21.549 +03:00 [INF] Now listening on: http://localhost:5210
2026-04-30 11:35:21.736 +03:00 [INF] Application started. Press Ctrl+C to shut down.
2026-04-30 11:35:21.739 +03:00 [INF] Hosting environment: Development
2026-04-30 11:35:21.741 +03:00 [INF] Content root path: E:\TheOneCRM\TheOneCRM
2026-04-30 11:37:25.372 +03:00 [WRN] No store type was specified for the decimal property 'Budget' on entity type 'Campaigns'. This will cause values to be silently truncated if they do not fit in the default precision and scale. Explicitly specify the SQL server column type that can accommodate all the values in 'OnModelCreating' using 'HasColumnType', specify precision and scale using 'HasPrecision', or configure a value converter using 'HasConversion'.
2026-04-30 11:37:25.437 +03:00 [WRN] No store type was specified for the decimal property 'Value' on entity type 'Deal'. This will cause values to be silently truncated if they do not fit in the default precision and scale. Explicitly specify the SQL server column type that can accommodate all the values in 'OnModelCreating' using 'HasColumnType', specify precision and scale using 'HasPrecision', or configure a value converter using 'HasConversion'.
2026-04-30 11:37:28.445 +03:00 [INF] Now listening on: http://localhost:5210
2026-04-30 11:37:28.687 +03:00 [INF] Application started. Press Ctrl+C to shut down.
2026-04-30 11:37:28.698 +03:00 [INF] Hosting environment: Development
2026-04-30 11:37:28.699 +03:00 [INF] Content root path: E:\TheOneCRM\TheOneCRM
2026-04-30 11:37:47.417 +03:00 [WRN] Failed to determine the https port for redirect.
2026-04-30 11:37:48.834 +03:00 [WRN] Cannot modify response for StatusCode 200: Response has already started.
2026-04-30 11:39:16.635 +03:00 [WRN] No store type was specified for the decimal property 'Budget' on entity type 'Campaigns'. This will cause values to be silently truncated if they do not fit in the default precision and scale. Explicitly specify the SQL server column type that can accommodate all the values in 'OnModelCreating' using 'HasColumnType', specify precision and scale using 'HasPrecision', or configure a value converter using 'HasConversion'.
2026-04-30 11:39:16.719 +03:00 [WRN] No store type was specified for the decimal property 'Value' on entity type 'Deal'. This will cause values to be silently truncated if they do not fit in the default precision and scale. Explicitly specify the SQL server column type that can accommodate all the values in 'OnModelCreating' using 'HasColumnType', specify precision and scale using 'HasPrecision', or configure a value converter using 'HasConversion'.
2026-04-30 11:39:19.878 +03:00 [ERR] ❌ Error while migrating or seeding the database
System.Exception: Failed to create admin user: Username 'admin' is already taken.
   at TheOneCRM.API.Helper.DataSeader.SeedAsync() in E:\TheOneCRM\TheOneCRM.Application\Helper\DataSeader.cs:line 61
   at TheOneCRM.Program.Main(String[] args) in E:\TheOneCRM\TheOneCRM\Program.cs:line 90
2026-04-30 11:44:07.991 +03:00 [WRN] No store type was specified for the decimal property 'Budget' on entity type 'Campaigns'. This will cause values to be silently truncated if they do not fit in the default precision and scale. Explicitly specify the SQL server column type that can accommodate all the values in 'OnModelCreating' using 'HasColumnType', specify precision and scale using 'HasPrecision', or configure a value converter using 'HasConversion'.
2026-04-30 11:44:08.053 +03:00 [WRN] No store type was specified for the decimal property 'Value' on entity type 'Deal'. This will cause values to be silently truncated if they do not fit in the default precision and scale. Explicitly specify the SQL server column type that can accommodate all the values in 'OnModelCreating' using 'HasColumnType', specify precision and scale using 'HasPrecision', or configure a value converter using 'HasConversion'.
2026-04-30 11:44:11.324 +03:00 [ERR] ❌ Error while migrating or seeding the database
System.Exception: Failed to create admin user: Username 'Admin' is already taken.
   at TheOneCRM.API.Helper.DataSeader.SeedAsync() in E:\TheOneCRM\TheOneCRM.Application\Helper\DataSeader.cs:line 61
   at TheOneCRM.Program.Main(String[] args) in E:\TheOneCRM\TheOneCRM\Program.cs:line 90
2026-04-30 11:44:36.380 +03:00 [WRN] No store type was specified for the decimal property 'Budget' on entity type 'Campaigns'. This will cause values to be silently truncated if they do not fit in the default precision and scale. Explicitly specify the SQL server column type that can accommodate all the values in 'OnModelCreating' using 'HasColumnType', specify precision and scale using 'HasPrecision', or configure a value converter using 'HasConversion'.
2026-04-30 11:44:36.445 +03:00 [WRN] No store type was specified for the decimal property 'Value' on entity type 'Deal'. This will cause values to be silently truncated if they do not fit in the default precision and scale. Explicitly specify the SQL server column type that can accommodate all the values in 'OnModelCreating' using 'HasColumnType', specify precision and scale using 'HasPrecision', or configure a value converter using 'HasConversion'.
2026-04-30 11:44:40.520 +03:00 [INF] Now listening on: http://localhost:5210
2026-04-30 11:44:40.766 +03:00 [INF] Application started. Press Ctrl+C to shut down.
2026-04-30 11:44:40.768 +03:00 [INF] Hosting environment: Development
2026-04-30 11:44:40.771 +03:00 [INF] Content root path: E:\TheOneCRM\TheOneCRM
2026-04-30 11:46:02.161 +03:00 [WRN] Failed to determine the https port for redirect.
2026-04-30 11:46:03.106 +03:00 [WRN] Cannot modify response for StatusCode 200: Response has already started.
2026-04-30 11:56:25.574 +03:00 [WRN] No store type was specified for the decimal property 'Budget' on entity type 'Campaigns'. This will cause values to be silently truncated if they do not fit in the default precision and scale. Explicitly specify the SQL server column type that can accommodate all the values in 'OnModelCreating' using 'HasColumnType', specify precision and scale using 'HasPrecision', or configure a value converter using 'HasConversion'.
2026-04-30 11:56:25.632 +03:00 [WRN] No store type was specified for the decimal property 'Value' on entity type 'Deal'. This will cause values to be silently truncated if they do not fit in the default precision and scale. Explicitly specify the SQL server column type that can accommodate all the values in 'OnModelCreating' using 'HasColumnType', specify precision and scale using 'HasPrecision', or configure a value converter using 'HasConversion'.
2026-04-30 11:56:28.784 +03:00 [INF] Now listening on: http://localhost:5210
2026-04-30 11:56:28.958 +03:00 [INF] Application started. Press Ctrl+C to shut down.
2026-04-30 11:56:28.960 +03:00 [INF] Hosting environment: Development
2026-04-30 11:56:28.962 +03:00 [INF] Content root path: E:\TheOneCRM\TheOneCRM
2026-04-30 11:57:29.716 +03:00 [WRN] Failed to determine the https port for redirect.
2026-04-30 11:57:30.804 +03:00 [WRN] Cannot modify response for StatusCode 200: Response has already started.
2026-04-30 11:58:54.452 +03:00 [ERR] An error occurred while processing the request.
System.InvalidOperationException: Role MARKTING does not exist.
   at Microsoft.AspNetCore.Identity.EntityFrameworkCore.UserStore`9.AddToRoleAsync(TUser user, String normalizedRoleName, CancellationToken cancellationToken)
   at Microsoft.AspNetCore.Identity.UserManager`1.AddToRoleAsync(TUser user, String role)
   at TheOneCRM.Application.Services.Auth.AuthService.RegisterAsync(RegisterDto dto) in E:\TheOneCRM\TheOneCRM.Application\Services\Auth\AuthService.cs:line 94
   at TheOneCRM.API.Controllers.Auth.AuthController.Register(RegisterDto dto) in E:\TheOneCRM\TheOneCRM\Controllers\Auth\AuthController.cs:line 46
   at Microsoft.AspNetCore.Mvc.Infrastructure.ActionMethodExecutor.TaskOfIActionResultExecutor.Execute(ActionContext actionContext, IActionResultTypeMapper mapper, ObjectMethodExecutor executor, Object controller, Object[] arguments)
   at Microsoft.AspNetCore.Mvc.Infrastructure.ControllerActionInvoker.<InvokeActionMethodAsync>g__Awaited|12_0(ControllerActionInvoker invoker, ValueTask`1 actionResultValueTask)
   at Microsoft.AspNetCore.Mvc.Infrastructure.ControllerActionInvoker.<InvokeNextActionFilterAsync>g__Awaited|10_0(ControllerActionInvoker invoker, Task lastTask, State next, Scope scope, Object state, Boolean isCompleted)
   at Microsoft.AspNetCore.Mvc.Infrastructure.ControllerActionInvoker.Rethrow(ActionExecutedContextSealed context)
   at Microsoft.AspNetCore.Mvc.Infrastructure.ControllerActionInvoker.Next(State& next, Scope& scope, Object& state, Boolean& isCompleted)
   at Microsoft.AspNetCore.Mvc.Infrastructure.ControllerActionInvoker.<InvokeInnerFilterAsync>g__Awaited|13_0(ControllerActionInvoker invoker, Task lastTask, State next, Scope scope, Object state, Boolean isCompleted)
   at Microsoft.AspNetCore.Mvc.Infrastructure.ResourceInvoker.<InvokeFilterPipelineAsync>g__Awaited|20_0(ResourceInvoker invoker, Task lastTask, State next, Scope scope, Object state, Boolean isCompleted)
   at Microsoft.AspNetCore.Mvc.Infrastructure.ResourceInvoker.<InvokeAsync>g__Awaited|17_0(ResourceInvoker invoker, Task task, IDisposable scope)
   at Microsoft.AspNetCore.Mvc.Infrastructure.ResourceInvoker.<InvokeAsync>g__Awaited|17_0(ResourceInvoker invoker, Task task, IDisposable scope)
   at Microsoft.AspNetCore.Authorization.AuthorizationMiddleware.Invoke(HttpContext context)
   at Microsoft.AspNetCore.Authentication.AuthenticationMiddleware.Invoke(HttpContext context)
   at TheOneCRM.API.Middlewares.ExceptionMiddleware.InvokeAsync(HttpContext context) in E:\TheOneCRM\TheOneCRM\Middlewares\ExceptionMiddleware.cs:line 26
2026-04-30 11:59:06.362 +03:00 [WRN] Cannot modify response for StatusCode 400: Response has already started.
2026-04-30 11:59:17.451 +03:00 [WRN] Cannot modify response for StatusCode 200: Response has already started.
2026-04-30 12:03:42.796 +03:00 [WRN] Cannot modify response for StatusCode 200: Response has already started.
2026-04-30 12:06:18.701 +03:00 [WRN] Cannot modify response for StatusCode 200: Response has already started.
2026-04-30 12:08:33.456 +03:00 [WRN] Cannot modify response for StatusCode 200: Response has already started.
2026-04-30 12:09:07.702 +03:00 [WRN] Cannot modify response for StatusCode 200: Response has already started.
2026-04-30 12:09:22.745 +03:00 [WRN] Cannot modify response for StatusCode 200: Response has already started.
2026-04-30 12:09:59.839 +03:00 [WRN] Cannot modify response for StatusCode 200: Response has already started.
2026-04-30 12:10:30.354 +03:00 [WRN] Cannot modify response for StatusCode 200: Response has already started.
2026-04-30 12:10:35.934 +03:00 [WRN] Cannot modify response for StatusCode 200: Response has already started.
2026-04-30 12:10:56.998 +03:00 [WRN] Cannot modify response for StatusCode 200: Response has already started.
2026-04-30 12:11:11.586 +03:00 [WRN] Cannot modify response for StatusCode 400: Response has already started.
2026-04-30 12:12:44.760 +03:00 [WRN] No store type was specified for the decimal property 'Budget' on entity type 'Campaigns'. This will cause values to be silently truncated if they do not fit in the default precision and scale. Explicitly specify the SQL server column type that can accommodate all the values in 'OnModelCreating' using 'HasColumnType', specify precision and scale using 'HasPrecision', or configure a value converter using 'HasConversion'.
2026-04-30 12:12:44.822 +03:00 [WRN] No store type was specified for the decimal property 'Value' on entity type 'Deal'. This will cause values to be silently truncated if they do not fit in the default precision and scale. Explicitly specify the SQL server column type that can accommodate all the values in 'OnModelCreating' using 'HasColumnType', specify precision and scale using 'HasPrecision', or configure a value converter using 'HasConversion'.
2026-04-30 12:12:47.936 +03:00 [INF] Now listening on: http://localhost:5210
2026-04-30 12:12:47.999 +03:00 [INF] Application started. Press Ctrl+C to shut down.
2026-04-30 12:12:48.002 +03:00 [INF] Hosting environment: Development
2026-04-30 12:12:48.005 +03:00 [INF] Content root path: E:\TheOneCRM\TheOneCRM
2026-04-30 13:14:48.969 +03:00 [WRN] No store type was specified for the decimal property 'Budget' on entity type 'Campaigns'. This will cause values to be silently truncated if they do not fit in the default precision and scale. Explicitly specify the SQL server column type that can accommodate all the values in 'OnModelCreating' using 'HasColumnType', specify precision and scale using 'HasPrecision', or configure a value converter using 'HasConversion'.
2026-04-30 13:14:49.041 +03:00 [WRN] No store type was specified for the decimal property 'Value' on entity type 'Deal'. This will cause values to be silently truncated if they do not fit in the default precision and scale. Explicitly specify the SQL server column type that can accommodate all the values in 'OnModelCreating' using 'HasColumnType', specify precision and scale using 'HasPrecision', or configure a value converter using 'HasConversion'.
2026-04-30 13:14:53.592 +03:00 [INF] Now listening on: http://localhost:5210
2026-04-30 13:14:53.858 +03:00 [INF] Application started. Press Ctrl+C to shut down.
2026-04-30 13:14:53.865 +03:00 [INF] Hosting environment: Development
2026-04-30 13:14:53.867 +03:00 [INF] Content root path: E:\TheOneCRM\TheOneCRM
2026-04-30 13:28:55.936 +03:00 [WRN] Failed to determine the https port for redirect.
2026-04-30 13:40:11.103 +03:00 [ERR] An error occurred while processing the request.
System.InvalidOperationException: User 'Hader@gmail.com' is not a sales person and cannot be assigned customers
   at TheOneCRM.Application.Services.Customers.CustomerService.CreateCustomerAsync(CreateCustomerDto dto)
   at TheOneCRM.API.Controllers.CustomersController.Create(CreateCustomerDto dto) in E:\TheOneCRM\TheOneCRM\Controllers\CustomersController.cs:line 23
   at Microsoft.AspNetCore.Mvc.Infrastructure.ActionMethodExecutor.TaskOfIActionResultExecutor.Execute(ActionContext actionContext, IActionResultTypeMapper mapper, ObjectMethodExecutor executor, Object controller, Object[] arguments)
   at Microsoft.AspNetCore.Mvc.Infrastructure.ControllerActionInvoker.<InvokeActionMethodAsync>g__Awaited|12_0(ControllerActionInvoker invoker, ValueTask`1 actionResultValueTask)
   at Microsoft.AspNetCore.Mvc.Infrastructure.ControllerActionInvoker.<InvokeNextActionFilterAsync>g__Awaited|10_0(ControllerActionInvoker invoker, Task lastTask, State next, Scope scope, Object state, Boolean isCompleted)
   at Microsoft.AspNetCore.Mvc.Infrastructure.ControllerActionInvoker.Rethrow(ActionExecutedContextSealed context)
   at Microsoft.AspNetCore.Mvc.Infrastructure.ControllerActionInvoker.Next(State& next, Scope& scope, Object& state, Boolean& isCompleted)
   at Microsoft.AspNetCore.Mvc.Infrastructure.ControllerActionInvoker.<InvokeInnerFilterAsync>g__Awaited|13_0(ControllerActionInvoker invoker, Task lastTask, State next, Scope scope, Object state, Boolean isCompleted)
   at Microsoft.AspNetCore.Mvc.Infrastructure.ResourceInvoker.<InvokeFilterPipelineAsync>g__Awaited|20_0(ResourceInvoker invoker, Task lastTask, State next, Scope scope, Object state, Boolean isCompleted)
   at Microsoft.AspNetCore.Mvc.Infrastructure.ResourceInvoker.<InvokeAsync>g__Awaited|17_0(ResourceInvoker invoker, Task task, IDisposable scope)
   at Microsoft.AspNetCore.Mvc.Infrastructure.ResourceInvoker.<InvokeAsync>g__Awaited|17_0(ResourceInvoker invoker, Task task, IDisposable scope)
   at Microsoft.AspNetCore.Authorization.AuthorizationMiddleware.Invoke(HttpContext context)
   at Microsoft.AspNetCore.Authentication.AuthenticationMiddleware.Invoke(HttpContext context)
   at TheOneCRM.API.Middlewares.ExceptionMiddleware.InvokeAsync(HttpContext context) in E:\TheOneCRM\TheOneCRM\Middlewares\ExceptionMiddleware.cs:line 33
2026-04-30 13:40:46.447 +03:00 [ERR] An error occurred while processing the request.
System.InvalidOperationException: User 'Hader@gmail.com' is not a sales person and cannot be assigned customers
   at TheOneCRM.Application.Services.Customers.CustomerService.CreateCustomerAsync(CreateCustomerDto dto)
   at TheOneCRM.API.Controllers.CustomersController.Create(CreateCustomerDto dto) in E:\TheOneCRM\TheOneCRM\Controllers\CustomersController.cs:line 23
   at Microsoft.AspNetCore.Mvc.Infrastructure.ActionMethodExecutor.TaskOfIActionResultExecutor.Execute(ActionContext actionContext, IActionResultTypeMapper mapper, ObjectMethodExecutor executor, Object controller, Object[] arguments)
   at Microsoft.AspNetCore.Mvc.Infrastructure.ControllerActionInvoker.<InvokeActionMethodAsync>g__Awaited|12_0(ControllerActionInvoker invoker, ValueTask`1 actionResultValueTask)
   at Microsoft.AspNetCore.Mvc.Infrastructure.ControllerActionInvoker.<InvokeNextActionFilterAsync>g__Awaited|10_0(ControllerActionInvoker invoker, Task lastTask, State next, Scope scope, Object state, Boolean isCompleted)
   at Microsoft.AspNetCore.Mvc.Infrastructure.ControllerActionInvoker.Rethrow(ActionExecutedContextSealed context)
   at Microsoft.AspNetCore.Mvc.Infrastructure.ControllerActionInvoker.Next(State& next, Scope& scope, Object& state, Boolean& isCompleted)
   at Microsoft.AspNetCore.Mvc.Infrastructure.ControllerActionInvoker.<InvokeInnerFilterAsync>g__Awaited|13_0(ControllerActionInvoker invoker, Task lastTask, State next, Scope scope, Object state, Boolean isCompleted)
   at Microsoft.AspNetCore.Mvc.Infrastructure.ResourceInvoker.<InvokeFilterPipelineAsync>g__Awaited|20_0(ResourceInvoker invoker, Task lastTask, State next, Scope scope, Object state, Boolean isCompleted)
   at Microsoft.AspNetCore.Mvc.Infrastructure.ResourceInvoker.<InvokeAsync>g__Awaited|17_0(ResourceInvoker invoker, Task task, IDisposable scope)
   at Microsoft.AspNetCore.Mvc.Infrastructure.ResourceInvoker.<InvokeAsync>g__Awaited|17_0(ResourceInvoker invoker, Task task, IDisposable scope)
   at Microsoft.AspNetCore.Authorization.AuthorizationMiddleware.Invoke(HttpContext context)
   at Microsoft.AspNetCore.Authentication.AuthenticationMiddleware.Invoke(HttpContext context)
   at TheOneCRM.API.Middlewares.ExceptionMiddleware.InvokeAsync(HttpContext context) in E:\TheOneCRM\TheOneCRM\Middlewares\ExceptionMiddleware.cs:line 33
2026-04-30 14:59:52.900 +03:00 [WRN] No store type was specified for the decimal property 'Budget' on entity type 'Campaigns'. This will cause values to be silently truncated if they do not fit in the default precision and scale. Explicitly specify the SQL server column type that can accommodate all the values in 'OnModelCreating' using 'HasColumnType', specify precision and scale using 'HasPrecision', or configure a value converter using 'HasConversion'.
2026-04-30 14:59:52.963 +03:00 [WRN] No store type was specified for the decimal property 'Value' on entity type 'Deal'. This will cause values to be silently truncated if they do not fit in the default precision and scale. Explicitly specify the SQL server column type that can accommodate all the values in 'OnModelCreating' using 'HasColumnType', specify precision and scale using 'HasPrecision', or configure a value converter using 'HasConversion'.
2026-04-30 14:59:56.288 +03:00 [INF] Now listening on: http://localhost:5210
2026-04-30 14:59:56.370 +03:00 [INF] Application started. Press Ctrl+C to shut down.
2026-04-30 14:59:56.375 +03:00 [INF] Hosting environment: Development
2026-04-30 14:59:56.377 +03:00 [INF] Content root path: E:\TheOneCRM\TheOneCRM
2026-04-30 15:00:13.689 +03:00 [WRN] Failed to determine the https port for redirect.
2026-04-30 15:02:04.923 +03:00 [WRN] No store type was specified for the decimal property 'Budget' on entity type 'Campaigns'. This will cause values to be silently truncated if they do not fit in the default precision and scale. Explicitly specify the SQL server column type that can accommodate all the values in 'OnModelCreating' using 'HasColumnType', specify precision and scale using 'HasPrecision', or configure a value converter using 'HasConversion'.
2026-04-30 15:02:04.983 +03:00 [WRN] No store type was specified for the decimal property 'Value' on entity type 'Deal'. This will cause values to be silently truncated if they do not fit in the default precision and scale. Explicitly specify the SQL server column type that can accommodate all the values in 'OnModelCreating' using 'HasColumnType', specify precision and scale using 'HasPrecision', or configure a value converter using 'HasConversion'.
2026-04-30 15:02:08.077 +03:00 [INF] Now listening on: http://localhost:5210
2026-04-30 15:02:08.280 +03:00 [INF] Application started. Press Ctrl+C to shut down.
2026-04-30 15:02:08.298 +03:00 [INF] Hosting environment: Development
2026-04-30 15:02:08.301 +03:00 [INF] Content root path: E:\TheOneCRM\TheOneCRM
2026-04-30 15:02:19.909 +03:00 [WRN] Failed to determine the https port for redirect.
2026-04-30 15:10:39.231 +03:00 [WRN] No store type was specified for the decimal property 'Budget' on entity type 'Campaigns'. This will cause values to be silently truncated if they do not fit in the default precision and scale. Explicitly specify the SQL server column type that can accommodate all the values in 'OnModelCreating' using 'HasColumnType', specify precision and scale using 'HasPrecision', or configure a value converter using 'HasConversion'.
2026-04-30 15:10:39.295 +03:00 [WRN] No store type was specified for the decimal property 'Value' on entity type 'Deal'. This will cause values to be silently truncated if they do not fit in the default precision and scale. Explicitly specify the SQL server column type that can accommodate all the values in 'OnModelCreating' using 'HasColumnType', specify precision and scale using 'HasPrecision', or configure a value converter using 'HasConversion'.
2026-04-30 15:10:42.362 +03:00 [INF] Now listening on: http://localhost:5210
2026-04-30 15:10:42.609 +03:00 [INF] Application started. Press Ctrl+C to shut down.
2026-04-30 15:10:42.612 +03:00 [INF] Hosting environment: Development
2026-04-30 15:10:42.614 +03:00 [INF] Content root path: E:\TheOneCRM\TheOneCRM
2026-04-30 15:10:52.648 +03:00 [WRN] Failed to determine the https port for redirect.
2026-04-30 15:28:35.795 +03:00 [WRN] No store type was specified for the decimal property 'Budget' on entity type 'Campaigns'. This will cause values to be silently truncated if they do not fit in the default precision and scale. Explicitly specify the SQL server column type that can accommodate all the values in 'OnModelCreating' using 'HasColumnType', specify precision and scale using 'HasPrecision', or configure a value converter using 'HasConversion'.
2026-04-30 15:28:35.854 +03:00 [WRN] No store type was specified for the decimal property 'Value' on entity type 'Deal'. This will cause values to be silently truncated if they do not fit in the default precision and scale. Explicitly specify the SQL server column type that can accommodate all the values in 'OnModelCreating' using 'HasColumnType', specify precision and scale using 'HasPrecision', or configure a value converter using 'HasConversion'.
2026-04-30 15:28:38.899 +03:00 [INF] Now listening on: http://localhost:5210
2026-04-30 15:28:39.183 +03:00 [INF] Application started. Press Ctrl+C to shut down.
2026-04-30 15:28:39.186 +03:00 [INF] Hosting environment: Development
2026-04-30 15:28:39.188 +03:00 [INF] Content root path: E:\TheOneCRM\TheOneCRM
2026-04-30 15:28:47.187 +03:00 [WRN] Failed to determine the https port for redirect.
2026-04-30 15:30:37.653 +03:00 [WRN] No store type was specified for the decimal property 'Budget' on entity type 'Campaigns'. This will cause values to be silently truncated if they do not fit in the default precision and scale. Explicitly specify the SQL server column type that can accommodate all the values in 'OnModelCreating' using 'HasColumnType', specify precision and scale using 'HasPrecision', or configure a value converter using 'HasConversion'.
2026-04-30 15:30:37.721 +03:00 [WRN] No store type was specified for the decimal property 'Value' on entity type 'Deal'. This will cause values to be silently truncated if they do not fit in the default precision and scale. Explicitly specify the SQL server column type that can accommodate all the values in 'OnModelCreating' using 'HasColumnType', specify precision and scale using 'HasPrecision', or configure a value converter using 'HasConversion'.
2026-04-30 15:30:40.888 +03:00 [INF] Now listening on: http://localhost:5210
2026-04-30 15:30:41.088 +03:00 [INF] Application started. Press Ctrl+C to shut down.
2026-04-30 15:30:41.090 +03:00 [INF] Hosting environment: Development
2026-04-30 15:30:41.092 +03:00 [INF] Content root path: E:\TheOneCRM\TheOneCRM
2026-04-30 15:30:47.921 +03:00 [WRN] Failed to determine the https port for redirect.
2026-04-30 15:31:42.068 +03:00 [WRN] No store type was specified for the decimal property 'Budget' on entity type 'Campaigns'. This will cause values to be silently truncated if they do not fit in the default precision and scale. Explicitly specify the SQL server column type that can accommodate all the values in 'OnModelCreating' using 'HasColumnType', specify precision and scale using 'HasPrecision', or configure a value converter using 'HasConversion'.
2026-04-30 15:31:42.125 +03:00 [WRN] No store type was specified for the decimal property 'Value' on entity type 'Deal'. This will cause values to be silently truncated if they do not fit in the default precision and scale. Explicitly specify the SQL server column type that can accommodate all the values in 'OnModelCreating' using 'HasColumnType', specify precision and scale using 'HasPrecision', or configure a value converter using 'HasConversion'.
2026-04-30 15:31:45.058 +03:00 [INF] Now listening on: http://localhost:5210
2026-04-30 15:31:45.301 +03:00 [INF] Application started. Press Ctrl+C to shut down.
2026-04-30 15:31:45.304 +03:00 [INF] Hosting environment: Development
2026-04-30 15:31:45.306 +03:00 [INF] Content root path: E:\TheOneCRM\TheOneCRM
2026-04-30 15:43:15.255 +03:00 [WRN] No store type was specified for the decimal property 'Budget' on entity type 'Campaigns'. This will cause values to be silently truncated if they do not fit in the default precision and scale. Explicitly specify the SQL server column type that can accommodate all the values in 'OnModelCreating' using 'HasColumnType', specify precision and scale using 'HasPrecision', or configure a value converter using 'HasConversion'.
2026-04-30 15:43:15.317 +03:00 [WRN] No store type was specified for the decimal property 'Value' on entity type 'Deal'. This will cause values to be silently truncated if they do not fit in the default precision and scale. Explicitly specify the SQL server column type that can accommodate all the values in 'OnModelCreating' using 'HasColumnType', specify precision and scale using 'HasPrecision', or configure a value converter using 'HasConversion'.
2026-04-30 15:43:18.249 +03:00 [INF] Now listening on: http://localhost:5210
2026-04-30 15:43:18.520 +03:00 [INF] Application started. Press Ctrl+C to shut down.
2026-04-30 15:43:18.522 +03:00 [INF] Hosting environment: Development
2026-04-30 15:43:18.524 +03:00 [INF] Content root path: E:\TheOneCRM\TheOneCRM
2026-04-30 15:43:27.608 +03:00 [WRN] Failed to determine the https port for redirect.
2026-04-30 15:54:39.173 +03:00 [WRN] No store type was specified for the decimal property 'Budget' on entity type 'Campaigns'. This will cause values to be silently truncated if they do not fit in the default precision and scale. Explicitly specify the SQL server column type that can accommodate all the values in 'OnModelCreating' using 'HasColumnType', specify precision and scale using 'HasPrecision', or configure a value converter using 'HasConversion'.
2026-04-30 15:54:39.249 +03:00 [WRN] No store type was specified for the decimal property 'Value' on entity type 'Deal'. This will cause values to be silently truncated if they do not fit in the default precision and scale. Explicitly specify the SQL server column type that can accommodate all the values in 'OnModelCreating' using 'HasColumnType', specify precision and scale using 'HasPrecision', or configure a value converter using 'HasConversion'.
2026-04-30 15:54:42.753 +03:00 [INF] Now listening on: http://localhost:5210
2026-04-30 15:54:42.829 +03:00 [INF] Application started. Press Ctrl+C to shut down.
2026-04-30 15:54:42.831 +03:00 [INF] Hosting environment: Development
2026-04-30 15:54:42.833 +03:00 [INF] Content root path: E:\TheOneCRM\TheOneCRM
2026-04-30 15:54:54.431 +03:00 [WRN] Failed to determine the https port for redirect.
2026-04-30 16:01:14.919 +03:00 [WRN] No store type was specified for the decimal property 'Budget' on entity type 'Campaigns'. This will cause values to be silently truncated if they do not fit in the default precision and scale. Explicitly specify the SQL server column type that can accommodate all the values in 'OnModelCreating' using 'HasColumnType', specify precision and scale using 'HasPrecision', or configure a value converter using 'HasConversion'.
2026-04-30 16:01:14.986 +03:00 [WRN] No store type was specified for the decimal property 'Value' on entity type 'Deal'. This will cause values to be silently truncated if they do not fit in the default precision and scale. Explicitly specify the SQL server column type that can accommodate all the values in 'OnModelCreating' using 'HasColumnType', specify precision and scale using 'HasPrecision', or configure a value converter using 'HasConversion'.
2026-04-30 16:01:18.355 +03:00 [INF] Now listening on: http://localhost:5210
2026-04-30 16:01:18.420 +03:00 [INF] Application started. Press Ctrl+C to shut down.
2026-04-30 16:01:18.434 +03:00 [INF] Hosting environment: Development
2026-04-30 16:01:18.435 +03:00 [INF] Content root path: E:\TheOneCRM\TheOneCRM
2026-04-30 16:04:18.870 +03:00 [WRN] No store type was specified for the decimal property 'Budget' on entity type 'Campaigns'. This will cause values to be silently truncated if they do not fit in the default precision and scale. Explicitly specify the SQL server column type that can accommodate all the values in 'OnModelCreating' using 'HasColumnType', specify precision and scale using 'HasPrecision', or configure a value converter using 'HasConversion'.
2026-04-30 16:04:18.940 +03:00 [WRN] No store type was specified for the decimal property 'Value' on entity type 'Deal'. This will cause values to be silently truncated if they do not fit in the default precision and scale. Explicitly specify the SQL server column type that can accommodate all the values in 'OnModelCreating' using 'HasColumnType', specify precision and scale using 'HasPrecision', or configure a value converter using 'HasConversion'.
2026-04-30 16:04:22.196 +03:00 [INF] Now listening on: http://localhost:5210
2026-04-30 16:04:22.258 +03:00 [INF] Application started. Press Ctrl+C to shut down.
2026-04-30 16:04:22.260 +03:00 [INF] Hosting environment: Development
2026-04-30 16:04:22.262 +03:00 [INF] Content root path: E:\TheOneCRM\TheOneCRM
2026-04-30 16:04:33.214 +03:00 [WRN] Failed to determine the https port for redirect.
2026-04-30 16:09:02.146 +03:00 [WRN] No store type was specified for the decimal property 'Budget' on entity type 'Campaigns'. This will cause values to be silently truncated if they do not fit in the default precision and scale. Explicitly specify the SQL server column type that can accommodate all the values in 'OnModelCreating' using 'HasColumnType', specify precision and scale using 'HasPrecision', or configure a value converter using 'HasConversion'.
2026-04-30 16:09:02.215 +03:00 [WRN] No store type was specified for the decimal property 'Value' on entity type 'Deal'. This will cause values to be silently truncated if they do not fit in the default precision and scale. Explicitly specify the SQL server column type that can accommodate all the values in 'OnModelCreating' using 'HasColumnType', specify precision and scale using 'HasPrecision', or configure a value converter using 'HasConversion'.
2026-04-30 16:09:05.161 +03:00 [INF] Now listening on: http://localhost:5210
2026-04-30 16:09:05.238 +03:00 [INF] Application started. Press Ctrl+C to shut down.
2026-04-30 16:09:05.240 +03:00 [INF] Hosting environment: Development
2026-04-30 16:09:05.243 +03:00 [INF] Content root path: E:\TheOneCRM\TheOneCRM
2026-04-30 16:10:22.249 +03:00 [WRN] Failed to determine the https port for redirect.
2026-04-30 16:12:39.486 +03:00 [ERR] An error occurred while processing the request.
System.InvalidOperationException: User 'Hader@gmail.com' is not a sales person and cannot be assigned customers
   at TheOneCRM.Application.Services.Customers.CustomerService.AssignToSalesPersonAsync(Int32 id, String salesPersonId) in E:\TheOneCRM\TheOneCRM.Application\Services\Customers\CustomerService.cs:line 261
   at TheOneCRM.API.Controllers.CustomersController.AssignToSalesPerson(Int32 id, AssignCustomerDto dto) in E:\TheOneCRM\TheOneCRM\Controllers\CustomersController.cs:line 75
   at Microsoft.AspNetCore.Mvc.Infrastructure.ActionMethodExecutor.TaskOfIActionResultExecutor.Execute(ActionContext actionContext, IActionResultTypeMapper mapper, ObjectMethodExecutor executor, Object controller, Object[] arguments)
   at Microsoft.AspNetCore.Mvc.Infrastructure.ControllerActionInvoker.<InvokeActionMethodAsync>g__Awaited|12_0(ControllerActionInvoker invoker, ValueTask`1 actionResultValueTask)
   at Microsoft.AspNetCore.Mvc.Infrastructure.ControllerActionInvoker.<InvokeNextActionFilterAsync>g__Awaited|10_0(ControllerActionInvoker invoker, Task lastTask, State next, Scope scope, Object state, Boolean isCompleted)
   at Microsoft.AspNetCore.Mvc.Infrastructure.ControllerActionInvoker.Rethrow(ActionExecutedContextSealed context)
   at Microsoft.AspNetCore.Mvc.Infrastructure.ControllerActionInvoker.Next(State& next, Scope& scope, Object& state, Boolean& isCompleted)
   at Microsoft.AspNetCore.Mvc.Infrastructure.ControllerActionInvoker.<InvokeInnerFilterAsync>g__Awaited|13_0(ControllerActionInvoker invoker, Task lastTask, State next, Scope scope, Object state, Boolean isCompleted)
   at Microsoft.AspNetCore.Mvc.Infrastructure.ResourceInvoker.<InvokeFilterPipelineAsync>g__Awaited|20_0(ResourceInvoker invoker, Task lastTask, State next, Scope scope, Object state, Boolean isCompleted)
   at Microsoft.AspNetCore.Mvc.Infrastructure.ResourceInvoker.<InvokeAsync>g__Awaited|17_0(ResourceInvoker invoker, Task task, IDisposable scope)
   at Microsoft.AspNetCore.Mvc.Infrastructure.ResourceInvoker.<InvokeAsync>g__Awaited|17_0(ResourceInvoker invoker, Task task, IDisposable scope)
   at Microsoft.AspNetCore.Authorization.AuthorizationMiddleware.Invoke(HttpContext context)
   at Microsoft.AspNetCore.Authentication.AuthenticationMiddleware.Invoke(HttpContext context)
   at TheOneCRM.API.Middlewares.ExceptionMiddleware.InvokeAsync(HttpContext context) in E:\TheOneCRM\TheOneCRM\Middlewares\ExceptionMiddleware.cs:line 33
2026-04-30 16:18:43.469 +03:00 [WRN] No store type was specified for the decimal property 'Budget' on entity type 'Campaigns'. This will cause values to be silently truncated if they do not fit in the default precision and scale. Explicitly specify the SQL server column type that can accommodate all the values in 'OnModelCreating' using 'HasColumnType', specify precision and scale using 'HasPrecision', or configure a value converter using 'HasConversion'.
2026-04-30 16:18:43.531 +03:00 [WRN] No store type was specified for the decimal property 'Value' on entity type 'Deal'. This will cause values to be silently truncated if they do not fit in the default precision and scale. Explicitly specify the SQL server column type that can accommodate all the values in 'OnModelCreating' using 'HasColumnType', specify precision and scale using 'HasPrecision', or configure a value converter using 'HasConversion'.
2026-04-30 16:19:18.831 +03:00 [WRN] No store type was specified for the decimal property 'Budget' on entity type 'Campaigns'. This will cause values to be silently truncated if they do not fit in the default precision and scale. Explicitly specify the SQL server column type that can accommodate all the values in 'OnModelCreating' using 'HasColumnType', specify precision and scale using 'HasPrecision', or configure a value converter using 'HasConversion'.
2026-04-30 16:19:18.893 +03:00 [WRN] No store type was specified for the decimal property 'Value' on entity type 'Deal'. This will cause values to be silently truncated if they do not fit in the default precision and scale. Explicitly specify the SQL server column type that can accommodate all the values in 'OnModelCreating' using 'HasColumnType', specify precision and scale using 'HasPrecision', or configure a value converter using 'HasConversion'.
2026-04-30 16:19:21.892 +03:00 [INF] Now listening on: http://localhost:5210
2026-04-30 16:19:21.959 +03:00 [INF] Application started. Press Ctrl+C to shut down.
2026-04-30 16:19:21.981 +03:00 [INF] Hosting environment: Development
2026-04-30 16:19:21.993 +03:00 [INF] Content root path: E:\TheOneCRM\TheOneCRM
2026-04-30 16:19:37.516 +03:00 [WRN] Failed to determine the https port for redirect.
2026-04-30 16:20:04.023 +03:00 [WRN] No store type was specified for the decimal property 'Budget' on entity type 'Campaigns'. This will cause values to be silently truncated if they do not fit in the default precision and scale. Explicitly specify the SQL server column type that can accommodate all the values in 'OnModelCreating' using 'HasColumnType', specify precision and scale using 'HasPrecision', or configure a value converter using 'HasConversion'.
2026-04-30 16:20:04.083 +03:00 [WRN] No store type was specified for the decimal property 'Value' on entity type 'Deal'. This will cause values to be silently truncated if they do not fit in the default precision and scale. Explicitly specify the SQL server column type that can accommodate all the values in 'OnModelCreating' using 'HasColumnType', specify precision and scale using 'HasPrecision', or configure a value converter using 'HasConversion'.
2026-04-30 16:20:07.156 +03:00 [INF] Now listening on: http://localhost:5210
2026-04-30 16:20:07.228 +03:00 [INF] Application started. Press Ctrl+C to shut down.
2026-04-30 16:20:07.235 +03:00 [INF] Hosting environment: Development
2026-04-30 16:20:07.239 +03:00 [INF] Content root path: E:\TheOneCRM\TheOneCRM
2026-04-30 16:20:25.424 +03:00 [WRN] Failed to determine the https port for redirect.
