2026-04-02 13:18:00.920 -07:00 [WRN] No store type was specified for the decimal property 'Value' on entity type 'Deal'. This will cause values to be silently truncated if they do not fit in the default precision and scale. Explicitly specify the SQL server column type that can accommodate all the values in 'OnModelCreating' using 'HasColumnType', specify precision and scale using 'HasPrecision', or configure a value converter using 'HasConversion'.
2026-04-02 13:18:28.068 -07:00 [INF] Executed DbCommand (320ms) [Parameters=[], CommandType='"Text"', CommandTimeout='30']
SELECT 1
2026-04-02 13:18:28.524 -07:00 [INF] Executed DbCommand (413ms) [Parameters=[], CommandType='"Text"', CommandTimeout='30']
SELECT OBJECT_ID(N'[__EFMigrationsHistory]');
2026-04-02 13:18:28.540 -07:00 [INF] Executed DbCommand (7ms) [Parameters=[], CommandType='"Text"', CommandTimeout='30']
SELECT 1
2026-04-02 13:18:28.562 -07:00 [INF] Executed DbCommand (3ms) [Parameters=[], CommandType='"Text"', CommandTimeout='30']
SELECT OBJECT_ID(N'[__EFMigrationsHistory]');
2026-04-02 13:18:28.807 -07:00 [INF] Executed DbCommand (149ms) [Parameters=[], CommandType='"Text"', CommandTimeout='30']
SELECT [MigrationId], [ProductVersion]
FROM [__EFMigrationsHistory]
ORDER BY [MigrationId];
2026-04-02 13:18:29.093 -07:00 [INF] No migrations were applied. The database is already up to date.
2026-04-02 13:18:29.171 -07:00 [INF] User profile is available. Using 'C:\Users\virus\AppData\Local\ASP.NET\DataProtection-Keys' as key repository and Windows DPAPI to encrypt keys at rest.
2026-04-02 13:18:30.705 -07:00 [INF] Executed DbCommand (411ms) [Parameters=[@__normalizedName_0='?' (Size = 256)], CommandType='"Text"', CommandTimeout='30']
SELECT TOP(1) [a].[Id], [a].[ConcurrencyStamp], [a].[Name], [a].[NormalizedName]
FROM [AspNetRoles] AS [a]
WHERE [a].[NormalizedName] = @__normalizedName_0
2026-04-02 13:18:30.819 -07:00 [INF] Executed DbCommand (16ms) [Parameters=[@__normalizedName_0='?' (Size = 256)], CommandType='"Text"', CommandTimeout='30']
SELECT TOP(1) [a].[Id], [a].[ConcurrencyStamp], [a].[Name], [a].[NormalizedName]
FROM [AspNetRoles] AS [a]
WHERE [a].[NormalizedName] = @__normalizedName_0
2026-04-02 13:18:30.904 -07:00 [INF] Executed DbCommand (4ms) [Parameters=[@__normalizedName_0='?' (Size = 256)], CommandType='"Text"', CommandTimeout='30']
SELECT TOP(1) [a].[Id], [a].[ConcurrencyStamp], [a].[Name], [a].[NormalizedName]
FROM [AspNetRoles] AS [a]
WHERE [a].[NormalizedName] = @__normalizedName_0
2026-04-02 13:18:30.911 -07:00 [INF] Executed DbCommand (1ms) [Parameters=[@__normalizedName_0='?' (Size = 256)], CommandType='"Text"', CommandTimeout='30']
SELECT TOP(1) [a].[Id], [a].[ConcurrencyStamp], [a].[Name], [a].[NormalizedName]
FROM [AspNetRoles] AS [a]
WHERE [a].[NormalizedName] = @__normalizedName_0
2026-04-02 13:18:30.918 -07:00 [INF] Executed DbCommand (2ms) [Parameters=[@__normalizedName_0='?' (Size = 256)], CommandType='"Text"', CommandTimeout='30']
SELECT TOP(1) [a].[Id], [a].[ConcurrencyStamp], [a].[Name], [a].[NormalizedName]
FROM [AspNetRoles] AS [a]
WHERE [a].[NormalizedName] = @__normalizedName_0
2026-04-02 13:18:31.152 -07:00 [INF] Executed DbCommand (187ms) [Parameters=[@__normalizedEmail_0='?' (Size = 256)], CommandType='"Text"', CommandTimeout='30']
SELECT TOP(2) [a].[Id], [a].[AccessFailedCount], [a].[ConcurrencyStamp], [a].[CreatedAt], [a].[Email], [a].[EmailConfirmed], [a].[FullName], [a].[IsActive], [a].[LockoutEnabled], [a].[LockoutEnd], [a].[NormalizedEmail], [a].[NormalizedUserName], [a].[PasswordHash], [a].[PhoneNumber], [a].[PhoneNumberConfirmed], [a].[SecurityStamp], [a].[TwoFactorEnabled], [a].[UserName], [a].[imageUrl]
FROM [AspNetUsers] AS [a]
WHERE [a].[NormalizedEmail] = @__normalizedEmail_0
2026-04-02 13:18:31.995 -07:00 [INF] Now listening on: http://localhost:5210
2026-04-02 13:18:32.115 -07:00 [INF] Application started. Press Ctrl+C to shut down.
2026-04-02 13:18:32.126 -07:00 [INF] Hosting environment: Development
2026-04-02 13:18:32.131 -07:00 [INF] Content root path: E:\TheOneCRM\TheOneCRM
2026-04-02 13:18:36.089 -07:00 [INF] Request starting HTTP/1.1 GET http://localhost:5210/swagger - null null
2026-04-02 13:18:36.792 -07:00 [INF] Request finished HTTP/1.1 GET http://localhost:5210/swagger - 301 null null 714.9262ms
2026-04-02 13:18:36.808 -07:00 [INF] Request starting HTTP/1.1 GET http://localhost:5210/swagger/index.html - null null
2026-04-02 13:18:37.114 -07:00 [INF] Request finished HTTP/1.1 GET http://localhost:5210/swagger/index.html - 200 null text/html;charset=utf-8 305.7965ms
2026-04-02 13:18:37.196 -07:00 [INF] Request starting HTTP/1.1 GET http://localhost:5210/_framework/aspnetcore-browser-refresh.js - null null
2026-04-02 13:18:37.196 -07:00 [INF] Request starting HTTP/1.1 GET http://localhost:5210/swagger/swagger-ui-bundle.js - null null
2026-04-02 13:18:37.196 -07:00 [INF] Request starting HTTP/1.1 GET http://localhost:5210/swagger/swagger-ui-standalone-preset.js - null null
2026-04-02 13:18:37.196 -07:00 [INF] Request starting HTTP/1.1 GET http://localhost:5210/swagger/swagger-ui.css - null null
2026-04-02 13:18:37.206 -07:00 [INF] Request finished HTTP/1.1 GET http://localhost:5210/_framework/aspnetcore-browser-refresh.js - 200 16511 application/javascript; charset=utf-8 9.7348ms
2026-04-02 13:18:37.220 -07:00 [INF] Request starting HTTP/1.1 GET http://localhost:5210/_vs/browserLink - null null
2026-04-02 13:18:37.292 -07:00 [INF] Sending file. Request path: '/swagger-ui-standalone-preset.js'. Physical path: 'N/A'
2026-04-02 13:18:37.337 -07:00 [INF] Request finished HTTP/1.1 GET http://localhost:5210/swagger/swagger-ui-standalone-preset.js - 200 230280 text/javascript 140.8687ms
2026-04-02 13:18:37.400 -07:00 [INF] Request finished HTTP/1.1 GET http://localhost:5210/_vs/browserLink - 200 null text/javascript; charset=UTF-8 180.5762ms
2026-04-02 13:18:37.479 -07:00 [INF] Sending file. Request path: '/swagger-ui.css'. Physical path: 'N/A'
2026-04-02 13:18:37.481 -07:00 [INF] Request finished HTTP/1.1 GET http://localhost:5210/swagger/swagger-ui.css - 200 152034 text/css 284.4574ms
2026-04-02 13:18:40.131 -07:00 [INF] Sending file. Request path: '/swagger-ui-bundle.js'. Physical path: 'N/A'
2026-04-02 13:18:40.137 -07:00 [INF] Request finished HTTP/1.1 GET http://localhost:5210/swagger/swagger-ui-bundle.js - 200 1456926 text/javascript 2941.0061ms
2026-04-02 13:18:40.534 -07:00 [INF] Request starting HTTP/1.1 GET http://localhost:5210/swagger/v1/swagger.json - null null
2026-04-02 13:18:40.555 -07:00 [INF] Request finished HTTP/1.1 GET http://localhost:5210/swagger/v1/swagger.json - 200 null application/json;charset=utf-8 21.2711ms
2026-04-02 13:37:45.531 -07:00 [WRN] No store type was specified for the decimal property 'Value' on entity type 'Deal'. This will cause values to be silently truncated if they do not fit in the default precision and scale. Explicitly specify the SQL server column type that can accommodate all the values in 'OnModelCreating' using 'HasColumnType', specify precision and scale using 'HasPrecision', or configure a value converter using 'HasConversion'.
2026-04-02 13:37:56.737 -07:00 [INF] Executed DbCommand (155ms) [Parameters=[], CommandType='"Text"', CommandTimeout='30']
SELECT 1
2026-04-02 13:37:57.034 -07:00 [INF] Executed DbCommand (216ms) [Parameters=[], CommandType='"Text"', CommandTimeout='30']
SELECT OBJECT_ID(N'[__EFMigrationsHistory]');
2026-04-02 13:37:57.041 -07:00 [INF] Executed DbCommand (1ms) [Parameters=[], CommandType='"Text"', CommandTimeout='30']
SELECT 1
2026-04-02 13:37:57.046 -07:00 [INF] Executed DbCommand (1ms) [Parameters=[], CommandType='"Text"', CommandTimeout='30']
SELECT OBJECT_ID(N'[__EFMigrationsHistory]');
2026-04-02 13:37:57.432 -07:00 [INF] Executed DbCommand (83ms) [Parameters=[], CommandType='"Text"', CommandTimeout='30']
SELECT [MigrationId], [ProductVersion]
FROM [__EFMigrationsHistory]
ORDER BY [MigrationId];
2026-04-02 13:37:58.599 -07:00 [INF] No migrations were applied. The database is already up to date.
2026-04-02 13:37:59.246 -07:00 [INF] User profile is available. Using 'C:\Users\virus\AppData\Local\ASP.NET\DataProtection-Keys' as key repository and Windows DPAPI to encrypt keys at rest.
2026-04-02 13:38:03.103 -07:00 [INF] Executed DbCommand (554ms) [Parameters=[@__normalizedName_0='?' (Size = 256)], CommandType='"Text"', CommandTimeout='30']
SELECT TOP(1) [a].[Id], [a].[ConcurrencyStamp], [a].[Name], [a].[NormalizedName]
FROM [AspNetRoles] AS [a]
WHERE [a].[NormalizedName] = @__normalizedName_0
2026-04-02 13:38:04.514 -07:00 [INF] Executed DbCommand (310ms) [Parameters=[@__normalizedName_0='?' (Size = 256)], CommandType='"Text"', CommandTimeout='30']
SELECT TOP(1) [a].[Id], [a].[ConcurrencyStamp], [a].[Name], [a].[NormalizedName]
FROM [AspNetRoles] AS [a]
WHERE [a].[NormalizedName] = @__normalizedName_0
2026-04-02 13:38:04.557 -07:00 [INF] Executed DbCommand (4ms) [Parameters=[@__normalizedName_0='?' (Size = 256)], CommandType='"Text"', CommandTimeout='30']
SELECT TOP(1) [a].[Id], [a].[ConcurrencyStamp], [a].[Name], [a].[NormalizedName]
FROM [AspNetRoles] AS [a]
WHERE [a].[NormalizedName] = @__normalizedName_0
2026-04-02 13:38:04.562 -07:00 [INF] Executed DbCommand (1ms) [Parameters=[@__normalizedName_0='?' (Size = 256)], CommandType='"Text"', CommandTimeout='30']
SELECT TOP(1) [a].[Id], [a].[ConcurrencyStamp], [a].[Name], [a].[NormalizedName]
FROM [AspNetRoles] AS [a]
WHERE [a].[NormalizedName] = @__normalizedName_0
2026-04-02 13:38:04.566 -07:00 [INF] Executed DbCommand (1ms) [Parameters=[@__normalizedName_0='?' (Size = 256)], CommandType='"Text"', CommandTimeout='30']
SELECT TOP(1) [a].[Id], [a].[ConcurrencyStamp], [a].[Name], [a].[NormalizedName]
FROM [AspNetRoles] AS [a]
WHERE [a].[NormalizedName] = @__normalizedName_0
2026-04-02 13:38:04.758 -07:00 [INF] Executed DbCommand (57ms) [Parameters=[@__normalizedEmail_0='?' (Size = 256)], CommandType='"Text"', CommandTimeout='30']
SELECT TOP(2) [a].[Id], [a].[AccessFailedCount], [a].[ConcurrencyStamp], [a].[CreatedAt], [a].[Email], [a].[EmailConfirmed], [a].[FullName], [a].[IsActive], [a].[LockoutEnabled], [a].[LockoutEnd], [a].[NormalizedEmail], [a].[NormalizedUserName], [a].[PasswordHash], [a].[PhoneNumber], [a].[PhoneNumberConfirmed], [a].[SecurityStamp], [a].[TwoFactorEnabled], [a].[UserName], [a].[imageUrl]
FROM [AspNetUsers] AS [a]
WHERE [a].[NormalizedEmail] = @__normalizedEmail_0
2026-04-02 13:38:05.462 -07:00 [INF] No action descriptors found. This may indicate an incorrectly configured application or missing application parts. To learn more, visit https://aka.ms/aspnet/mvc/app-parts
2026-04-02 13:38:07.492 -07:00 [INF] Now listening on: http://localhost:5210
2026-04-02 13:38:07.614 -07:00 [INF] Application started. Press Ctrl+C to shut down.
2026-04-02 13:38:07.615 -07:00 [INF] Hosting environment: Development
2026-04-02 13:38:07.617 -07:00 [INF] Content root path: E:\TheOneCRM\TheOneCRM
2026-04-02 13:38:12.682 -07:00 [INF] Request starting HTTP/1.1 GET http://localhost:5210/swagger/index.html - null null
2026-04-02 13:38:14.662 -07:00 [INF] Request finished HTTP/1.1 GET http://localhost:5210/swagger/index.html - 200 null text/html;charset=utf-8 1993.3016ms
2026-04-02 13:38:14.686 -07:00 [INF] Request starting HTTP/1.1 GET http://localhost:5210/_framework/aspnetcore-browser-refresh.js - null null
2026-04-02 13:38:14.690 -07:00 [INF] Request starting HTTP/1.1 GET http://localhost:5210/_vs/browserLink - null null
2026-04-02 13:38:14.696 -07:00 [INF] Request finished HTTP/1.1 GET http://localhost:5210/_framework/aspnetcore-browser-refresh.js - 200 16511 application/javascript; charset=utf-8 9.8634ms
2026-04-02 13:38:14.952 -07:00 [INF] Request finished HTTP/1.1 GET http://localhost:5210/_vs/browserLink - 200 null text/javascript; charset=UTF-8 265.4597ms
2026-04-02 13:38:15.291 -07:00 [INF] Request starting HTTP/1.1 GET http://localhost:5210/swagger/v1/swagger.json - null null
2026-04-02 13:38:15.307 -07:00 [INF] Request finished HTTP/1.1 GET http://localhost:5210/swagger/v1/swagger.json - 200 null application/json;charset=utf-8 16.445ms
