2026-05-11 10:42:51.148 +03:00 [WRN] No store type was specified for the decimal property 'Budget' on entity type 'Campaigns'. This will cause values to be silently truncated if they do not fit in the default precision and scale. Explicitly specify the SQL server column type that can accommodate all the values in 'OnModelCreating' using 'HasColumnType', specify precision and scale using 'HasPrecision', or configure a value converter using 'HasConversion'.
2026-05-11 10:42:51.206 +03:00 [WRN] No store type was specified for the decimal property 'DailyBudget' on entity type 'Campaigns'. This will cause values to be silently truncated if they do not fit in the default precision and scale. Explicitly specify the SQL server column type that can accommodate all the values in 'OnModelCreating' using 'HasColumnType', specify precision and scale using 'HasPrecision', or configure a value converter using 'HasConversion'.
2026-05-11 10:42:51.212 +03:00 [WRN] No store type was specified for the decimal property 'Value' on entity type 'Deal'. This will cause values to be silently truncated if they do not fit in the default precision and scale. Explicitly specify the SQL server column type that can accommodate all the values in 'OnModelCreating' using 'HasColumnType', specify precision and scale using 'HasPrecision', or configure a value converter using 'HasConversion'.
2026-05-11 10:42:55.843 +03:00 [INF] Start installing Hangfire SQL objects...
2026-05-11 10:42:56.384 +03:00 [INF] Hangfire SQL objects installed.
2026-05-11 10:42:57.035 +03:00 [INF] Now listening on: http://localhost:5210
2026-05-11 10:42:57.114 +03:00 [INF] Application started. Press Ctrl+C to shut down.
2026-05-11 10:42:57.119 +03:00 [INF] Hosting environment: Development
2026-05-11 10:42:57.128 +03:00 [INF] Content root path: E:\TheOneCRM\TheOneCRM
2026-05-11 11:08:51.552 +03:00 [WRN] Failed to determine the https port for redirect.
2026-05-11 11:09:23.982 +03:00 [WRN] No store type was specified for the decimal property 'Budget' on entity type 'Campaigns'. This will cause values to be silently truncated if they do not fit in the default precision and scale. Explicitly specify the SQL server column type that can accommodate all the values in 'OnModelCreating' using 'HasColumnType', specify precision and scale using 'HasPrecision', or configure a value converter using 'HasConversion'.
2026-05-11 11:09:24.037 +03:00 [WRN] No store type was specified for the decimal property 'DailyBudget' on entity type 'Campaigns'. This will cause values to be silently truncated if they do not fit in the default precision and scale. Explicitly specify the SQL server column type that can accommodate all the values in 'OnModelCreating' using 'HasColumnType', specify precision and scale using 'HasPrecision', or configure a value converter using 'HasConversion'.
2026-05-11 11:09:24.041 +03:00 [WRN] No store type was specified for the decimal property 'Value' on entity type 'Deal'. This will cause values to be silently truncated if they do not fit in the default precision and scale. Explicitly specify the SQL server column type that can accommodate all the values in 'OnModelCreating' using 'HasColumnType', specify precision and scale using 'HasPrecision', or configure a value converter using 'HasConversion'.
2026-05-11 11:09:28.377 +03:00 [INF] Start installing Hangfire SQL objects...
2026-05-11 11:09:28.845 +03:00 [INF] Hangfire SQL objects installed.
2026-05-11 11:09:29.493 +03:00 [INF] Now listening on: http://localhost:5210
2026-05-11 11:09:29.582 +03:00 [INF] Application started. Press Ctrl+C to shut down.
2026-05-11 11:09:29.584 +03:00 [INF] Hosting environment: Development
2026-05-11 11:09:29.587 +03:00 [INF] Content root path: E:\TheOneCRM\TheOneCRM
2026-05-11 11:09:40.124 +03:00 [WRN] Failed to determine the https port for redirect.
2026-05-11 12:08:05.275 +03:00 [WRN] No store type was specified for the decimal property 'Budget' on entity type 'Campaigns'. This will cause values to be silently truncated if they do not fit in the default precision and scale. Explicitly specify the SQL server column type that can accommodate all the values in 'OnModelCreating' using 'HasColumnType', specify precision and scale using 'HasPrecision', or configure a value converter using 'HasConversion'.
2026-05-11 12:08:05.339 +03:00 [WRN] No store type was specified for the decimal property 'DailyBudget' on entity type 'Campaigns'. This will cause values to be silently truncated if they do not fit in the default precision and scale. Explicitly specify the SQL server column type that can accommodate all the values in 'OnModelCreating' using 'HasColumnType', specify precision and scale using 'HasPrecision', or configure a value converter using 'HasConversion'.
2026-05-11 12:08:05.347 +03:00 [WRN] No store type was specified for the decimal property 'Value' on entity type 'Deal'. This will cause values to be silently truncated if they do not fit in the default precision and scale. Explicitly specify the SQL server column type that can accommodate all the values in 'OnModelCreating' using 'HasColumnType', specify precision and scale using 'HasPrecision', or configure a value converter using 'HasConversion'.
2026-05-11 12:08:08.411 +03:00 [INF] Start installing Hangfire SQL objects...
2026-05-11 12:08:08.963 +03:00 [INF] Hangfire SQL objects installed.
2026-05-11 12:08:09.475 +03:00 [INF] Now listening on: http://localhost:5210
2026-05-11 12:08:09.554 +03:00 [INF] Application started. Press Ctrl+C to shut down.
2026-05-11 12:08:09.557 +03:00 [INF] Hosting environment: Development
2026-05-11 12:08:09.558 +03:00 [INF] Content root path: E:\TheOneCRM\TheOneCRM
2026-05-11 12:09:20.857 +03:00 [WRN] Failed to determine the https port for redirect.
2026-05-11 12:18:24.336 +03:00 [WRN] No store type was specified for the decimal property 'Budget' on entity type 'Campaigns'. This will cause values to be silently truncated if they do not fit in the default precision and scale. Explicitly specify the SQL server column type that can accommodate all the values in 'OnModelCreating' using 'HasColumnType', specify precision and scale using 'HasPrecision', or configure a value converter using 'HasConversion'.
2026-05-11 12:18:24.407 +03:00 [WRN] No store type was specified for the decimal property 'DailyBudget' on entity type 'Campaigns'. This will cause values to be silently truncated if they do not fit in the default precision and scale. Explicitly specify the SQL server column type that can accommodate all the values in 'OnModelCreating' using 'HasColumnType', specify precision and scale using 'HasPrecision', or configure a value converter using 'HasConversion'.
2026-05-11 12:18:24.412 +03:00 [WRN] No store type was specified for the decimal property 'Value' on entity type 'Deal'. This will cause values to be silently truncated if they do not fit in the default precision and scale. Explicitly specify the SQL server column type that can accommodate all the values in 'OnModelCreating' using 'HasColumnType', specify precision and scale using 'HasPrecision', or configure a value converter using 'HasConversion'.
2026-05-11 12:18:27.044 +03:00 [INF] Start installing Hangfire SQL objects...
2026-05-11 12:18:27.514 +03:00 [INF] Hangfire SQL objects installed.
2026-05-11 12:18:27.998 +03:00 [INF] Now listening on: http://localhost:5210
2026-05-11 12:18:28.064 +03:00 [INF] Application started. Press Ctrl+C to shut down.
2026-05-11 12:18:28.072 +03:00 [INF] Hosting environment: Development
2026-05-11 12:18:28.074 +03:00 [INF] Content root path: E:\TheOneCRM\TheOneCRM
2026-05-11 12:20:33.724 +03:00 [WRN] Failed to determine the https port for redirect.
2026-05-11 12:44:02.295 +03:00 [WRN] No store type was specified for the decimal property 'Budget' on entity type 'Campaigns'. This will cause values to be silently truncated if they do not fit in the default precision and scale. Explicitly specify the SQL server column type that can accommodate all the values in 'OnModelCreating' using 'HasColumnType', specify precision and scale using 'HasPrecision', or configure a value converter using 'HasConversion'.
2026-05-11 12:44:02.359 +03:00 [WRN] No store type was specified for the decimal property 'DailyBudget' on entity type 'Campaigns'. This will cause values to be silently truncated if they do not fit in the default precision and scale. Explicitly specify the SQL server column type that can accommodate all the values in 'OnModelCreating' using 'HasColumnType', specify precision and scale using 'HasPrecision', or configure a value converter using 'HasConversion'.
2026-05-11 12:44:02.369 +03:00 [WRN] No store type was specified for the decimal property 'Value' on entity type 'Deal'. This will cause values to be silently truncated if they do not fit in the default precision and scale. Explicitly specify the SQL server column type that can accommodate all the values in 'OnModelCreating' using 'HasColumnType', specify precision and scale using 'HasPrecision', or configure a value converter using 'HasConversion'.
2026-05-11 12:44:05.207 +03:00 [INF] Start installing Hangfire SQL objects...
2026-05-11 12:44:05.680 +03:00 [INF] Hangfire SQL objects installed.
2026-05-11 12:44:06.207 +03:00 [INF] Now listening on: http://localhost:5210
2026-05-11 12:44:06.302 +03:00 [INF] Application started. Press Ctrl+C to shut down.
2026-05-11 12:44:06.307 +03:00 [INF] Hosting environment: Development
2026-05-11 12:44:06.309 +03:00 [INF] Content root path: E:\TheOneCRM\TheOneCRM
2026-05-11 12:46:08.825 +03:00 [WRN] Failed to determine the https port for redirect.
2026-05-11 12:47:04.990 +03:00 [WRN] No store type was specified for the decimal property 'Budget' on entity type 'Campaigns'. This will cause values to be silently truncated if they do not fit in the default precision and scale. Explicitly specify the SQL server column type that can accommodate all the values in 'OnModelCreating' using 'HasColumnType', specify precision and scale using 'HasPrecision', or configure a value converter using 'HasConversion'.
2026-05-11 12:47:05.065 +03:00 [WRN] No store type was specified for the decimal property 'DailyBudget' on entity type 'Campaigns'. This will cause values to be silently truncated if they do not fit in the default precision and scale. Explicitly specify the SQL server column type that can accommodate all the values in 'OnModelCreating' using 'HasColumnType', specify precision and scale using 'HasPrecision', or configure a value converter using 'HasConversion'.
2026-05-11 12:47:05.068 +03:00 [WRN] No store type was specified for the decimal property 'Value' on entity type 'Deal'. This will cause values to be silently truncated if they do not fit in the default precision and scale. Explicitly specify the SQL server column type that can accommodate all the values in 'OnModelCreating' using 'HasColumnType', specify precision and scale using 'HasPrecision', or configure a value converter using 'HasConversion'.
2026-05-11 12:47:07.670 +03:00 [INF] Start installing Hangfire SQL objects...
2026-05-11 12:47:08.102 +03:00 [INF] Hangfire SQL objects installed.
2026-05-11 12:47:08.580 +03:00 [INF] Now listening on: http://localhost:5210
2026-05-11 12:47:08.651 +03:00 [INF] Application started. Press Ctrl+C to shut down.
2026-05-11 12:47:08.655 +03:00 [INF] Hosting environment: Development
2026-05-11 12:47:08.657 +03:00 [INF] Content root path: E:\TheOneCRM\TheOneCRM
2026-05-11 12:47:17.090 +03:00 [WRN] Failed to determine the https port for redirect.
2026-05-11 12:48:49.854 +03:00 [WRN] The query uses a row limiting operator ('Skip'/'Take') without an 'OrderBy' operator. This may lead to unpredictable results. If the 'Distinct' operator is used after 'OrderBy', then make sure to use the 'OrderBy' operator after 'Distinct' as the ordering would otherwise get erased.
2026-05-11 12:48:49.860 +03:00 [WRN] The query uses a row limiting operator ('Skip'/'Take') without an 'OrderBy' operator. This may lead to unpredictable results. If the 'Distinct' operator is used after 'OrderBy', then make sure to use the 'OrderBy' operator after 'Distinct' as the ordering would otherwise get erased.
2026-05-11 12:55:29.747 +03:00 [WRN] No store type was specified for the decimal property 'Budget' on entity type 'Campaigns'. This will cause values to be silently truncated if they do not fit in the default precision and scale. Explicitly specify the SQL server column type that can accommodate all the values in 'OnModelCreating' using 'HasColumnType', specify precision and scale using 'HasPrecision', or configure a value converter using 'HasConversion'.
2026-05-11 12:55:29.805 +03:00 [WRN] No store type was specified for the decimal property 'DailyBudget' on entity type 'Campaigns'. This will cause values to be silently truncated if they do not fit in the default precision and scale. Explicitly specify the SQL server column type that can accommodate all the values in 'OnModelCreating' using 'HasColumnType', specify precision and scale using 'HasPrecision', or configure a value converter using 'HasConversion'.
2026-05-11 12:55:29.813 +03:00 [WRN] No store type was specified for the decimal property 'Value' on entity type 'Deal'. This will cause values to be silently truncated if they do not fit in the default precision and scale. Explicitly specify the SQL server column type that can accommodate all the values in 'OnModelCreating' using 'HasColumnType', specify precision and scale using 'HasPrecision', or configure a value converter using 'HasConversion'.
2026-05-11 12:55:32.536 +03:00 [INF] Start installing Hangfire SQL objects...
2026-05-11 12:55:32.987 +03:00 [INF] Hangfire SQL objects installed.
2026-05-11 12:55:33.476 +03:00 [INF] Now listening on: http://localhost:5210
2026-05-11 12:55:33.545 +03:00 [INF] Application started. Press Ctrl+C to shut down.
2026-05-11 12:55:33.559 +03:00 [INF] Hosting environment: Development
2026-05-11 12:55:33.561 +03:00 [INF] Content root path: E:\TheOneCRM\TheOneCRM
2026-05-11 12:55:46.097 +03:00 [WRN] Failed to determine the https port for redirect.
2026-05-11 12:56:05.181 +03:00 [WRN] No store type was specified for the decimal property 'Budget' on entity type 'Campaigns'. This will cause values to be silently truncated if they do not fit in the default precision and scale. Explicitly specify the SQL server column type that can accommodate all the values in 'OnModelCreating' using 'HasColumnType', specify precision and scale using 'HasPrecision', or configure a value converter using 'HasConversion'.
2026-05-11 12:56:05.250 +03:00 [WRN] No store type was specified for the decimal property 'DailyBudget' on entity type 'Campaigns'. This will cause values to be silently truncated if they do not fit in the default precision and scale. Explicitly specify the SQL server column type that can accommodate all the values in 'OnModelCreating' using 'HasColumnType', specify precision and scale using 'HasPrecision', or configure a value converter using 'HasConversion'.
2026-05-11 12:56:05.255 +03:00 [WRN] No store type was specified for the decimal property 'Value' on entity type 'Deal'. This will cause values to be silently truncated if they do not fit in the default precision and scale. Explicitly specify the SQL server column type that can accommodate all the values in 'OnModelCreating' using 'HasColumnType', specify precision and scale using 'HasPrecision', or configure a value converter using 'HasConversion'.
2026-05-11 12:56:08.036 +03:00 [INF] Start installing Hangfire SQL objects...
2026-05-11 12:56:08.500 +03:00 [INF] Hangfire SQL objects installed.
2026-05-11 12:56:09.002 +03:00 [INF] Now listening on: http://localhost:5210
2026-05-11 12:56:09.068 +03:00 [INF] Application started. Press Ctrl+C to shut down.
2026-05-11 12:56:09.071 +03:00 [INF] Hosting environment: Development
2026-05-11 12:56:09.073 +03:00 [INF] Content root path: E:\TheOneCRM\TheOneCRM
2026-05-11 12:57:37.327 +03:00 [WRN] Failed to determine the https port for redirect.
2026-05-11 13:03:53.524 +03:00 [WRN] No store type was specified for the decimal property 'Budget' on entity type 'Campaigns'. This will cause values to be silently truncated if they do not fit in the default precision and scale. Explicitly specify the SQL server column type that can accommodate all the values in 'OnModelCreating' using 'HasColumnType', specify precision and scale using 'HasPrecision', or configure a value converter using 'HasConversion'.
2026-05-11 13:03:53.584 +03:00 [WRN] No store type was specified for the decimal property 'DailyBudget' on entity type 'Campaigns'. This will cause values to be silently truncated if they do not fit in the default precision and scale. Explicitly specify the SQL server column type that can accommodate all the values in 'OnModelCreating' using 'HasColumnType', specify precision and scale using 'HasPrecision', or configure a value converter using 'HasConversion'.
2026-05-11 13:03:53.592 +03:00 [WRN] No store type was specified for the decimal property 'Value' on entity type 'Deal'. This will cause values to be silently truncated if they do not fit in the default precision and scale. Explicitly specify the SQL server column type that can accommodate all the values in 'OnModelCreating' using 'HasColumnType', specify precision and scale using 'HasPrecision', or configure a value converter using 'HasConversion'.
2026-05-11 13:03:56.319 +03:00 [INF] Start installing Hangfire SQL objects...
2026-05-11 13:03:56.792 +03:00 [INF] Hangfire SQL objects installed.
2026-05-11 13:03:57.283 +03:00 [INF] Now listening on: http://localhost:5210
2026-05-11 13:03:57.374 +03:00 [INF] Application started. Press Ctrl+C to shut down.
2026-05-11 13:03:57.376 +03:00 [INF] Hosting environment: Development
2026-05-11 13:03:57.378 +03:00 [INF] Content root path: E:\TheOneCRM\TheOneCRM
2026-05-11 13:39:06.326 +03:00 [WRN] Failed to determine the https port for redirect.
2026-05-11 14:09:21.958 +03:00 [WRN] No store type was specified for the decimal property 'Budget' on entity type 'Campaigns'. This will cause values to be silently truncated if they do not fit in the default precision and scale. Explicitly specify the SQL server column type that can accommodate all the values in 'OnModelCreating' using 'HasColumnType', specify precision and scale using 'HasPrecision', or configure a value converter using 'HasConversion'.
2026-05-11 14:09:22.024 +03:00 [WRN] No store type was specified for the decimal property 'DailyBudget' on entity type 'Campaigns'. This will cause values to be silently truncated if they do not fit in the default precision and scale. Explicitly specify the SQL server column type that can accommodate all the values in 'OnModelCreating' using 'HasColumnType', specify precision and scale using 'HasPrecision', or configure a value converter using 'HasConversion'.
2026-05-11 14:09:22.030 +03:00 [WRN] No store type was specified for the decimal property 'Value' on entity type 'Deal'. This will cause values to be silently truncated if they do not fit in the default precision and scale. Explicitly specify the SQL server column type that can accommodate all the values in 'OnModelCreating' using 'HasColumnType', specify precision and scale using 'HasPrecision', or configure a value converter using 'HasConversion'.
2026-05-11 14:09:24.801 +03:00 [INF] Start installing Hangfire SQL objects...
2026-05-11 14:09:25.236 +03:00 [INF] Hangfire SQL objects installed.
2026-05-11 14:09:25.767 +03:00 [INF] Now listening on: http://localhost:5210
2026-05-11 14:09:25.840 +03:00 [INF] Application started. Press Ctrl+C to shut down.
2026-05-11 14:09:25.843 +03:00 [INF] Hosting environment: Development
2026-05-11 14:09:25.844 +03:00 [INF] Content root path: E:\TheOneCRM\TheOneCRM
2026-05-11 14:09:50.092 +03:00 [WRN] Failed to determine the https port for redirect.
2026-05-11 14:11:19.545 +03:00 [WRN] The query uses a row limiting operator ('Skip'/'Take') without an 'OrderBy' operator. This may lead to unpredictable results. If the 'Distinct' operator is used after 'OrderBy', then make sure to use the 'OrderBy' operator after 'Distinct' as the ordering would otherwise get erased.
2026-05-11 14:11:19.550 +03:00 [WRN] The query uses a row limiting operator ('Skip'/'Take') without an 'OrderBy' operator. This may lead to unpredictable results. If the 'Distinct' operator is used after 'OrderBy', then make sure to use the 'OrderBy' operator after 'Distinct' as the ordering would otherwise get erased.
2026-05-11 14:27:49.467 +03:00 [WRN] No store type was specified for the decimal property 'Budget' on entity type 'Campaigns'. This will cause values to be silently truncated if they do not fit in the default precision and scale. Explicitly specify the SQL server column type that can accommodate all the values in 'OnModelCreating' using 'HasColumnType', specify precision and scale using 'HasPrecision', or configure a value converter using 'HasConversion'.
2026-05-11 14:27:49.641 +03:00 [WRN] No store type was specified for the decimal property 'DailyBudget' on entity type 'Campaigns'. This will cause values to be silently truncated if they do not fit in the default precision and scale. Explicitly specify the SQL server column type that can accommodate all the values in 'OnModelCreating' using 'HasColumnType', specify precision and scale using 'HasPrecision', or configure a value converter using 'HasConversion'.
2026-05-11 14:27:49.789 +03:00 [WRN] No store type was specified for the decimal property 'Value' on entity type 'Deal'. This will cause values to be silently truncated if they do not fit in the default precision and scale. Explicitly specify the SQL server column type that can accommodate all the values in 'OnModelCreating' using 'HasColumnType', specify precision and scale using 'HasPrecision', or configure a value converter using 'HasConversion'.
2026-05-11 14:27:54.193 +03:00 [INF] Start installing Hangfire SQL objects...
2026-05-11 14:27:54.700 +03:00 [INF] Hangfire SQL objects installed.
2026-05-11 14:27:55.339 +03:00 [INF] Now listening on: http://localhost:5210
2026-05-11 14:27:55.420 +03:00 [INF] Application started. Press Ctrl+C to shut down.
2026-05-11 14:27:55.436 +03:00 [INF] Hosting environment: Development
2026-05-11 14:27:55.438 +03:00 [INF] Content root path: E:\TheOneCRM\TheOneCRM
2026-05-11 14:28:10.417 +03:00 [WRN] Failed to determine the https port for redirect.
2026-05-11 14:30:43.246 +03:00 [WRN] The query uses a row limiting operator ('Skip'/'Take') without an 'OrderBy' operator. This may lead to unpredictable results. If the 'Distinct' operator is used after 'OrderBy', then make sure to use the 'OrderBy' operator after 'Distinct' as the ordering would otherwise get erased.
2026-05-11 14:30:43.249 +03:00 [WRN] The query uses a row limiting operator ('Skip'/'Take') without an 'OrderBy' operator. This may lead to unpredictable results. If the 'Distinct' operator is used after 'OrderBy', then make sure to use the 'OrderBy' operator after 'Distinct' as the ordering would otherwise get erased.
2026-05-11 14:34:05.417 +03:00 [WRN] No store type was specified for the decimal property 'Budget' on entity type 'Campaigns'. This will cause values to be silently truncated if they do not fit in the default precision and scale. Explicitly specify the SQL server column type that can accommodate all the values in 'OnModelCreating' using 'HasColumnType', specify precision and scale using 'HasPrecision', or configure a value converter using 'HasConversion'.
2026-05-11 14:34:05.483 +03:00 [WRN] No store type was specified for the decimal property 'DailyBudget' on entity type 'Campaigns'. This will cause values to be silently truncated if they do not fit in the default precision and scale. Explicitly specify the SQL server column type that can accommodate all the values in 'OnModelCreating' using 'HasColumnType', specify precision and scale using 'HasPrecision', or configure a value converter using 'HasConversion'.
2026-05-11 14:34:05.487 +03:00 [WRN] No store type was specified for the decimal property 'Value' on entity type 'Deal'. This will cause values to be silently truncated if they do not fit in the default precision and scale. Explicitly specify the SQL server column type that can accommodate all the values in 'OnModelCreating' using 'HasColumnType', specify precision and scale using 'HasPrecision', or configure a value converter using 'HasConversion'.
2026-05-11 14:34:08.150 +03:00 [INF] Start installing Hangfire SQL objects...
2026-05-11 14:34:08.605 +03:00 [INF] Hangfire SQL objects installed.
2026-05-11 14:34:09.098 +03:00 [INF] Now listening on: http://localhost:5210
2026-05-11 14:34:09.175 +03:00 [INF] Application started. Press Ctrl+C to shut down.
2026-05-11 14:34:09.179 +03:00 [INF] Hosting environment: Development
2026-05-11 14:34:09.181 +03:00 [INF] Content root path: E:\TheOneCRM\TheOneCRM
2026-05-11 14:34:49.297 +03:00 [WRN] Failed to determine the https port for redirect.
2026-05-11 14:40:07.783 +03:00 [WRN] No store type was specified for the decimal property 'Budget' on entity type 'Campaigns'. This will cause values to be silently truncated if they do not fit in the default precision and scale. Explicitly specify the SQL server column type that can accommodate all the values in 'OnModelCreating' using 'HasColumnType', specify precision and scale using 'HasPrecision', or configure a value converter using 'HasConversion'.
2026-05-11 14:40:07.865 +03:00 [WRN] No store type was specified for the decimal property 'DailyBudget' on entity type 'Campaigns'. This will cause values to be silently truncated if they do not fit in the default precision and scale. Explicitly specify the SQL server column type that can accommodate all the values in 'OnModelCreating' using 'HasColumnType', specify precision and scale using 'HasPrecision', or configure a value converter using 'HasConversion'.
2026-05-11 14:40:07.869 +03:00 [WRN] No store type was specified for the decimal property 'Value' on entity type 'Deal'. This will cause values to be silently truncated if they do not fit in the default precision and scale. Explicitly specify the SQL server column type that can accommodate all the values in 'OnModelCreating' using 'HasColumnType', specify precision and scale using 'HasPrecision', or configure a value converter using 'HasConversion'.
2026-05-11 14:40:12.008 +03:00 [INF] Start installing Hangfire SQL objects...
2026-05-11 14:40:12.509 +03:00 [INF] Hangfire SQL objects installed.
2026-05-11 14:40:13.178 +03:00 [INF] Now listening on: http://localhost:5210
2026-05-11 14:40:13.289 +03:00 [INF] Application started. Press Ctrl+C to shut down.
2026-05-11 14:40:13.292 +03:00 [INF] Hosting environment: Development
2026-05-11 14:40:13.293 +03:00 [INF] Content root path: E:\TheOneCRM\TheOneCRM
2026-05-11 14:40:20.954 +03:00 [WRN] Failed to determine the https port for redirect.
2026-05-11 14:42:11.199 +03:00 [WRN] No store type was specified for the decimal property 'Budget' on entity type 'Campaigns'. This will cause values to be silently truncated if they do not fit in the default precision and scale. Explicitly specify the SQL server column type that can accommodate all the values in 'OnModelCreating' using 'HasColumnType', specify precision and scale using 'HasPrecision', or configure a value converter using 'HasConversion'.
2026-05-11 14:42:11.257 +03:00 [WRN] No store type was specified for the decimal property 'DailyBudget' on entity type 'Campaigns'. This will cause values to be silently truncated if they do not fit in the default precision and scale. Explicitly specify the SQL server column type that can accommodate all the values in 'OnModelCreating' using 'HasColumnType', specify precision and scale using 'HasPrecision', or configure a value converter using 'HasConversion'.
2026-05-11 14:42:11.264 +03:00 [WRN] No store type was specified for the decimal property 'Value' on entity type 'Deal'. This will cause values to be silently truncated if they do not fit in the default precision and scale. Explicitly specify the SQL server column type that can accommodate all the values in 'OnModelCreating' using 'HasColumnType', specify precision and scale using 'HasPrecision', or configure a value converter using 'HasConversion'.
2026-05-11 14:42:13.918 +03:00 [INF] Start installing Hangfire SQL objects...
2026-05-11 14:42:14.404 +03:00 [INF] Hangfire SQL objects installed.
2026-05-11 14:42:14.921 +03:00 [INF] Now listening on: http://localhost:5210
2026-05-11 14:42:15.012 +03:00 [INF] Application started. Press Ctrl+C to shut down.
2026-05-11 14:42:15.029 +03:00 [INF] Hosting environment: Development
2026-05-11 14:42:15.031 +03:00 [INF] Content root path: E:\TheOneCRM\TheOneCRM
2026-05-11 14:42:28.858 +03:00 [WRN] Failed to determine the https port for redirect.
2026-05-11 14:43:36.555 +03:00 [WRN] The query uses a row limiting operator ('Skip'/'Take') without an 'OrderBy' operator. This may lead to unpredictable results. If the 'Distinct' operator is used after 'OrderBy', then make sure to use the 'OrderBy' operator after 'Distinct' as the ordering would otherwise get erased.
2026-05-11 14:43:36.559 +03:00 [WRN] The query uses a row limiting operator ('Skip'/'Take') without an 'OrderBy' operator. This may lead to unpredictable results. If the 'Distinct' operator is used after 'OrderBy', then make sure to use the 'OrderBy' operator after 'Distinct' as the ordering would otherwise get erased.
2026-05-11 14:47:21.082 +03:00 [WRN] No store type was specified for the decimal property 'Budget' on entity type 'Campaigns'. This will cause values to be silently truncated if they do not fit in the default precision and scale. Explicitly specify the SQL server column type that can accommodate all the values in 'OnModelCreating' using 'HasColumnType', specify precision and scale using 'HasPrecision', or configure a value converter using 'HasConversion'.
2026-05-11 14:47:21.228 +03:00 [WRN] No store type was specified for the decimal property 'DailyBudget' on entity type 'Campaigns'. This will cause values to be silently truncated if they do not fit in the default precision and scale. Explicitly specify the SQL server column type that can accommodate all the values in 'OnModelCreating' using 'HasColumnType', specify precision and scale using 'HasPrecision', or configure a value converter using 'HasConversion'.
2026-05-11 14:47:21.295 +03:00 [WRN] No store type was specified for the decimal property 'Value' on entity type 'Deal'. This will cause values to be silently truncated if they do not fit in the default precision and scale. Explicitly specify the SQL server column type that can accommodate all the values in 'OnModelCreating' using 'HasColumnType', specify precision and scale using 'HasPrecision', or configure a value converter using 'HasConversion'.
2026-05-11 14:47:24.879 +03:00 [INF] Start installing Hangfire SQL objects...
2026-05-11 14:47:25.383 +03:00 [INF] Hangfire SQL objects installed.
2026-05-11 14:47:26.016 +03:00 [INF] Now listening on: http://localhost:5210
2026-05-11 14:47:26.157 +03:00 [INF] Application started. Press Ctrl+C to shut down.
2026-05-11 14:47:26.165 +03:00 [INF] Hosting environment: Development
2026-05-11 14:47:26.174 +03:00 [INF] Content root path: E:\TheOneCRM\TheOneCRM
2026-05-11 14:48:42.767 +03:00 [WRN] Failed to determine the https port for redirect.
2026-05-11 14:48:44.494 +03:00 [WRN] The query uses a row limiting operator ('Skip'/'Take') without an 'OrderBy' operator. This may lead to unpredictable results. If the 'Distinct' operator is used after 'OrderBy', then make sure to use the 'OrderBy' operator after 'Distinct' as the ordering would otherwise get erased.
2026-05-11 14:48:44.500 +03:00 [WRN] The query uses a row limiting operator ('Skip'/'Take') without an 'OrderBy' operator. This may lead to unpredictable results. If the 'Distinct' operator is used after 'OrderBy', then make sure to use the 'OrderBy' operator after 'Distinct' as the ordering would otherwise get erased.
2026-05-11 15:14:35.843 +03:00 [WRN] No store type was specified for the decimal property 'Budget' on entity type 'Campaigns'. This will cause values to be silently truncated if they do not fit in the default precision and scale. Explicitly specify the SQL server column type that can accommodate all the values in 'OnModelCreating' using 'HasColumnType', specify precision and scale using 'HasPrecision', or configure a value converter using 'HasConversion'.
2026-05-11 15:14:35.900 +03:00 [WRN] No store type was specified for the decimal property 'DailyBudget' on entity type 'Campaigns'. This will cause values to be silently truncated if they do not fit in the default precision and scale. Explicitly specify the SQL server column type that can accommodate all the values in 'OnModelCreating' using 'HasColumnType', specify precision and scale using 'HasPrecision', or configure a value converter using 'HasConversion'.
2026-05-11 15:14:35.906 +03:00 [WRN] No store type was specified for the decimal property 'Value' on entity type 'Deal'. This will cause values to be silently truncated if they do not fit in the default precision and scale. Explicitly specify the SQL server column type that can accommodate all the values in 'OnModelCreating' using 'HasColumnType', specify precision and scale using 'HasPrecision', or configure a value converter using 'HasConversion'.
2026-05-11 15:14:38.717 +03:00 [INF] Start installing Hangfire SQL objects...
2026-05-11 15:14:39.326 +03:00 [INF] Hangfire SQL objects installed.
2026-05-11 15:14:39.826 +03:00 [INF] Now listening on: http://localhost:5210
2026-05-11 15:14:39.922 +03:00 [INF] Application started. Press Ctrl+C to shut down.
2026-05-11 15:14:39.924 +03:00 [INF] Hosting environment: Development
2026-05-11 15:14:39.926 +03:00 [INF] Content root path: E:\TheOneCRM\TheOneCRM
2026-05-11 15:15:04.294 +03:00 [WRN] Failed to determine the https port for redirect.
2026-05-11 15:15:07.192 +03:00 [WRN] The query uses a row limiting operator ('Skip'/'Take') without an 'OrderBy' operator. This may lead to unpredictable results. If the 'Distinct' operator is used after 'OrderBy', then make sure to use the 'OrderBy' operator after 'Distinct' as the ordering would otherwise get erased.
2026-05-11 15:15:07.195 +03:00 [WRN] The query uses a row limiting operator ('Skip'/'Take') without an 'OrderBy' operator. This may lead to unpredictable results. If the 'Distinct' operator is used after 'OrderBy', then make sure to use the 'OrderBy' operator after 'Distinct' as the ordering would otherwise get erased.
2026-05-11 15:15:07.293 +03:00 [WRN] Compiling a query which loads related collections for more than one collection navigation, either via 'Include' or through projection, but no 'QuerySplittingBehavior' has been configured. By default, Entity Framework will use 'QuerySplittingBehavior.SingleQuery', which can potentially result in slow query performance. See https://go.microsoft.com/fwlink/?linkid=2134277 for more information. To identify the query that's triggering this warning call 'ConfigureWarnings(w => w.Throw(RelationalEventId.MultipleCollectionIncludeWarning))'.
2026-05-11 15:40:58.570 +03:00 [WRN] No store type was specified for the decimal property 'Budget' on entity type 'Campaigns'. This will cause values to be silently truncated if they do not fit in the default precision and scale. Explicitly specify the SQL server column type that can accommodate all the values in 'OnModelCreating' using 'HasColumnType', specify precision and scale using 'HasPrecision', or configure a value converter using 'HasConversion'.
2026-05-11 15:40:58.641 +03:00 [WRN] No store type was specified for the decimal property 'DailyBudget' on entity type 'Campaigns'. This will cause values to be silently truncated if they do not fit in the default precision and scale. Explicitly specify the SQL server column type that can accommodate all the values in 'OnModelCreating' using 'HasColumnType', specify precision and scale using 'HasPrecision', or configure a value converter using 'HasConversion'.
2026-05-11 15:40:58.646 +03:00 [WRN] No store type was specified for the decimal property 'Value' on entity type 'Deal'. This will cause values to be silently truncated if they do not fit in the default precision and scale. Explicitly specify the SQL server column type that can accommodate all the values in 'OnModelCreating' using 'HasColumnType', specify precision and scale using 'HasPrecision', or configure a value converter using 'HasConversion'.
2026-05-11 15:41:01.361 +03:00 [INF] Start installing Hangfire SQL objects...
2026-05-11 15:41:01.853 +03:00 [INF] Hangfire SQL objects installed.
2026-05-11 15:41:02.357 +03:00 [INF] Now listening on: http://localhost:5210
2026-05-11 15:41:02.426 +03:00 [INF] Application started. Press Ctrl+C to shut down.
2026-05-11 15:41:02.428 +03:00 [INF] Hosting environment: Development
2026-05-11 15:41:02.430 +03:00 [INF] Content root path: E:\TheOneCRM\TheOneCRM
2026-05-11 17:34:05.775 +03:00 [WRN] No store type was specified for the decimal property 'Budget' on entity type 'Campaigns'. This will cause values to be silently truncated if they do not fit in the default precision and scale. Explicitly specify the SQL server column type that can accommodate all the values in 'OnModelCreating' using 'HasColumnType', specify precision and scale using 'HasPrecision', or configure a value converter using 'HasConversion'.
2026-05-11 17:34:05.841 +03:00 [WRN] No store type was specified for the decimal property 'DailyBudget' on entity type 'Campaigns'. This will cause values to be silently truncated if they do not fit in the default precision and scale. Explicitly specify the SQL server column type that can accommodate all the values in 'OnModelCreating' using 'HasColumnType', specify precision and scale using 'HasPrecision', or configure a value converter using 'HasConversion'.
2026-05-11 17:34:05.849 +03:00 [WRN] No store type was specified for the decimal property 'Value' on entity type 'Deal'. This will cause values to be silently truncated if they do not fit in the default precision and scale. Explicitly specify the SQL server column type that can accommodate all the values in 'OnModelCreating' using 'HasColumnType', specify precision and scale using 'HasPrecision', or configure a value converter using 'HasConversion'.
2026-05-11 17:35:37.690 +03:00 [WRN] No store type was specified for the decimal property 'Budget' on entity type 'Campaigns'. This will cause values to be silently truncated if they do not fit in the default precision and scale. Explicitly specify the SQL server column type that can accommodate all the values in 'OnModelCreating' using 'HasColumnType', specify precision and scale using 'HasPrecision', or configure a value converter using 'HasConversion'.
2026-05-11 17:35:37.754 +03:00 [WRN] No store type was specified for the decimal property 'DailyBudget' on entity type 'Campaigns'. This will cause values to be silently truncated if they do not fit in the default precision and scale. Explicitly specify the SQL server column type that can accommodate all the values in 'OnModelCreating' using 'HasColumnType', specify precision and scale using 'HasPrecision', or configure a value converter using 'HasConversion'.
2026-05-11 17:35:37.759 +03:00 [WRN] No store type was specified for the decimal property 'Value' on entity type 'Deal'. This will cause values to be silently truncated if they do not fit in the default precision and scale. Explicitly specify the SQL server column type that can accommodate all the values in 'OnModelCreating' using 'HasColumnType', specify precision and scale using 'HasPrecision', or configure a value converter using 'HasConversion'.
2026-05-11 17:36:15.837 +03:00 [ERR] Failed executing DbCommand (19,286ms) [Parameters=[@__normalizedName_0='?' (Size = 256)], CommandType='"Text"', CommandTimeout='30']
SELECT TOP(1) [a].[Id], [a].[ConcurrencyStamp], [a].[Name], [a].[NormalizedName]
FROM [AspNetRoles] AS [a]
WHERE [a].[NormalizedName] = @__normalizedName_0
2026-05-11 17:36:15.925 +03:00 [ERR] An exception occurred while iterating over the results of a query for context type 'TheOneCRM.Infrastructure.Data.AppDbContext'.
Microsoft.Data.SqlClient.SqlException (0x80131904): A transport-level error has occurred when receiving results from the server. (provider: Session Provider, error: 19 - Physical connection is not usable)
   at Microsoft.Data.SqlClient.SqlCommand.<>c.<ExecuteDbDataReaderAsync>b__209_0(Task`1 result)
   at System.Threading.Tasks.ContinuationResultTaskFromResultTask`2.InnerInvoke()
   at System.Threading.ExecutionContext.RunInternal(ExecutionContext executionContext, ContextCallback callback, Object state)
--- End of stack trace from previous location ---
   at System.Threading.ExecutionContext.RunInternal(ExecutionContext executionContext, ContextCallback callback, Object state)
   at System.Threading.Tasks.Task.ExecuteWithThreadLocal(Task& currentTaskSlot, Thread threadPoolThread)
--- End of stack trace from previous location ---
   at Microsoft.EntityFrameworkCore.Storage.RelationalCommand.ExecuteReaderAsync(RelationalCommandParameterObject parameterObject, CancellationToken cancellationToken)
   at Microsoft.EntityFrameworkCore.Storage.RelationalCommand.ExecuteReaderAsync(RelationalCommandParameterObject parameterObject, CancellationToken cancellationToken)
   at Microsoft.EntityFrameworkCore.Query.Internal.SingleQueryingEnumerable`1.AsyncEnumerator.InitializeReaderAsync(AsyncEnumerator enumerator, CancellationToken cancellationToken)
   at Microsoft.EntityFrameworkCore.SqlServer.Storage.Internal.SqlServerExecutionStrategy.ExecuteAsync[TState,TResult](TState state, Func`4 operation, Func`4 verifySucceeded, CancellationToken cancellationToken)
   at Microsoft.EntityFrameworkCore.Query.Internal.SingleQueryingEnumerable`1.AsyncEnumerator.MoveNextAsync()
ClientConnectionId:4735cc40-d8a1-4b38-809f-8101bdc92364
Error Number:-1,State:0,Class:20
Microsoft.Data.SqlClient.SqlException (0x80131904): A transport-level error has occurred when receiving results from the server. (provider: Session Provider, error: 19 - Physical connection is not usable)
   at Microsoft.Data.SqlClient.SqlCommand.<>c.<ExecuteDbDataReaderAsync>b__209_0(Task`1 result)
   at System.Threading.Tasks.ContinuationResultTaskFromResultTask`2.InnerInvoke()
   at System.Threading.ExecutionContext.RunInternal(ExecutionContext executionContext, ContextCallback callback, Object state)
--- End of stack trace from previous location ---
   at System.Threading.ExecutionContext.RunInternal(ExecutionContext executionContext, ContextCallback callback, Object state)
   at System.Threading.Tasks.Task.ExecuteWithThreadLocal(Task& currentTaskSlot, Thread threadPoolThread)
--- End of stack trace from previous location ---
   at Microsoft.EntityFrameworkCore.Storage.RelationalCommand.ExecuteReaderAsync(RelationalCommandParameterObject parameterObject, CancellationToken cancellationToken)
   at Microsoft.EntityFrameworkCore.Storage.RelationalCommand.ExecuteReaderAsync(RelationalCommandParameterObject parameterObject, CancellationToken cancellationToken)
   at Microsoft.EntityFrameworkCore.Query.Internal.SingleQueryingEnumerable`1.AsyncEnumerator.InitializeReaderAsync(AsyncEnumerator enumerator, CancellationToken cancellationToken)
   at Microsoft.EntityFrameworkCore.SqlServer.Storage.Internal.SqlServerExecutionStrategy.ExecuteAsync[TState,TResult](TState state, Func`4 operation, Func`4 verifySucceeded, CancellationToken cancellationToken)
   at Microsoft.EntityFrameworkCore.Query.Internal.SingleQueryingEnumerable`1.AsyncEnumerator.MoveNextAsync()
ClientConnectionId:4735cc40-d8a1-4b38-809f-8101bdc92364
Error Number:-1,State:0,Class:20
2026-05-11 17:36:16.156 +03:00 [ERR] ❌ Error while migrating or seeding the database
Microsoft.Data.SqlClient.SqlException (0x80131904): A transport-level error has occurred when receiving results from the server. (provider: Session Provider, error: 19 - Physical connection is not usable)
   at Microsoft.Data.SqlClient.SqlCommand.<>c.<ExecuteDbDataReaderAsync>b__209_0(Task`1 result)
   at System.Threading.Tasks.ContinuationResultTaskFromResultTask`2.InnerInvoke()
   at System.Threading.ExecutionContext.RunInternal(ExecutionContext executionContext, ContextCallback callback, Object state)
--- End of stack trace from previous location ---
   at System.Threading.ExecutionContext.RunInternal(ExecutionContext executionContext, ContextCallback callback, Object state)
   at System.Threading.Tasks.Task.ExecuteWithThreadLocal(Task& currentTaskSlot, Thread threadPoolThread)
--- End of stack trace from previous location ---
   at Microsoft.EntityFrameworkCore.Storage.RelationalCommand.ExecuteReaderAsync(RelationalCommandParameterObject parameterObject, CancellationToken cancellationToken)
   at Microsoft.EntityFrameworkCore.Storage.RelationalCommand.ExecuteReaderAsync(RelationalCommandParameterObject parameterObject, CancellationToken cancellationToken)
   at Microsoft.EntityFrameworkCore.Query.Internal.SingleQueryingEnumerable`1.AsyncEnumerator.InitializeReaderAsync(AsyncEnumerator enumerator, CancellationToken cancellationToken)
   at Microsoft.EntityFrameworkCore.SqlServer.Storage.Internal.SqlServerExecutionStrategy.ExecuteAsync[TState,TResult](TState state, Func`4 operation, Func`4 verifySucceeded, CancellationToken cancellationToken)
   at Microsoft.EntityFrameworkCore.Query.Internal.SingleQueryingEnumerable`1.AsyncEnumerator.MoveNextAsync()
   at Microsoft.EntityFrameworkCore.Query.ShapedQueryCompilingExpressionVisitor.SingleOrDefaultAsync[TSource](IAsyncEnumerable`1 asyncEnumerable, CancellationToken cancellationToken)
   at Microsoft.EntityFrameworkCore.Query.ShapedQueryCompilingExpressionVisitor.SingleOrDefaultAsync[TSource](IAsyncEnumerable`1 asyncEnumerable, CancellationToken cancellationToken)
   at Microsoft.AspNetCore.Identity.RoleManager`1.RoleExistsAsync(String roleName)
   at TheOneCRM.API.Helper.DataSeader.SeedAsync() in E:\TheOneCRM\TheOneCRM.Application\Helper\DataSeader.cs:line 32
   at TheOneCRM.Program.Main(String[] args) in E:\TheOneCRM\TheOneCRM\Program.cs:line 93
ClientConnectionId:4735cc40-d8a1-4b38-809f-8101bdc92364
Error Number:-1,State:0,Class:20
2026-05-11 17:39:19.051 +03:00 [WRN] No store type was specified for the decimal property 'Budget' on entity type 'Campaigns'. This will cause values to be silently truncated if they do not fit in the default precision and scale. Explicitly specify the SQL server column type that can accommodate all the values in 'OnModelCreating' using 'HasColumnType', specify precision and scale using 'HasPrecision', or configure a value converter using 'HasConversion'.
2026-05-11 17:39:19.122 +03:00 [WRN] No store type was specified for the decimal property 'DailyBudget' on entity type 'Campaigns'. This will cause values to be silently truncated if they do not fit in the default precision and scale. Explicitly specify the SQL server column type that can accommodate all the values in 'OnModelCreating' using 'HasColumnType', specify precision and scale using 'HasPrecision', or configure a value converter using 'HasConversion'.
2026-05-11 17:39:19.125 +03:00 [WRN] No store type was specified for the decimal property 'Value' on entity type 'Deal'. This will cause values to be silently truncated if they do not fit in the default precision and scale. Explicitly specify the SQL server column type that can accommodate all the values in 'OnModelCreating' using 'HasColumnType', specify precision and scale using 'HasPrecision', or configure a value converter using 'HasConversion'.
2026-05-11 17:53:07.310 +03:00 [WRN] No store type was specified for the decimal property 'Budget' on entity type 'Campaigns'. This will cause values to be silently truncated if they do not fit in the default precision and scale. Explicitly specify the SQL server column type that can accommodate all the values in 'OnModelCreating' using 'HasColumnType', specify precision and scale using 'HasPrecision', or configure a value converter using 'HasConversion'.
2026-05-11 17:53:07.385 +03:00 [WRN] No store type was specified for the decimal property 'DailyBudget' on entity type 'Campaigns'. This will cause values to be silently truncated if they do not fit in the default precision and scale. Explicitly specify the SQL server column type that can accommodate all the values in 'OnModelCreating' using 'HasColumnType', specify precision and scale using 'HasPrecision', or configure a value converter using 'HasConversion'.
2026-05-11 17:53:07.394 +03:00 [WRN] No store type was specified for the decimal property 'Value' on entity type 'Deal'. This will cause values to be silently truncated if they do not fit in the default precision and scale. Explicitly specify the SQL server column type that can accommodate all the values in 'OnModelCreating' using 'HasColumnType', specify precision and scale using 'HasPrecision', or configure a value converter using 'HasConversion'.
2026-05-11 17:53:10.313 +03:00 [INF] Start installing Hangfire SQL objects...
2026-05-11 17:53:10.804 +03:00 [INF] Hangfire SQL objects installed.
2026-05-11 17:53:11.333 +03:00 [INF] Now listening on: http://localhost:5210
2026-05-11 17:53:11.412 +03:00 [INF] Application started. Press Ctrl+C to shut down.
2026-05-11 17:53:11.433 +03:00 [INF] Hosting environment: Development
2026-05-11 17:53:11.440 +03:00 [INF] Content root path: E:\TheOneCRM\TheOneCRM
